<?xml version="1.0" encoding="UTF-8"?>
<testsuites name="Sign Up" time="97.472" tests="3" failures="1" errors="0">
   <testsuite name="Sign Up" tests="3" failures="1" errors="0" time="97.472" skipped="0" timestamp="2021-10-30 15:57:47" hostname="Asus - DESKTOP-EQE6D2I" id="Test Suites/Sign Up">
      <properties>
         <property name="deviceName" value=""/>
         <property name="devicePlatform" value=""/>
         <property name="logFolder" value="C:\\Users\\Asus\\Katalon Studio\\first project\\Reports\\20211030_155724\\Sign Up\\20211030_155724"/>
         <property name="logFiles" value="C:\\Users\\Asus\\Katalon Studio\\first project\\Reports\\20211030_155724\\Sign Up\\20211030_155724\\execution0.log"/>
         <property name="attachments" value="C:\\Users\\Asus\\Katalon Studio\\first project\\Reports\\20211030_155724\\Sign Up\\20211030_155724\\1635584363260.png"/>
         <property name="hostName" value="Asus - DESKTOP-EQE6D2I"/>
         <property name="os" value="Windows 10 64bit"/>
         <property name="katalonVersion" value="8.1.0.208"/>
         <property name="browser" value="Chrome 95.0.4638.54"/>
         <property name="hostAddress" value="192.168.203.44"/>
         <property name="sessionId" value="c5764ed484673d692c3cb2bea441b44f"/>
         <property name="seleniumVersion" value="3.141.59"/>
         <property name="proxyInformation" value="ProxyInformation { proxyOption=NO_PROXY, proxyServerType=HTTP, username=, password=********, proxyServerAddress=, proxyServerPort=0, executionList=&quot;&quot;, isApplyToDesiredCapabilities=true }"/>
         <property name="platform" value="Windows 10"/>
      </properties>
      <testcase name="Test Cases/Sign Up Brick - Failed" time="21.158" classname="Test Cases/Sign Up Brick - Failed" status="PASSED">
         <system-out><![CDATA[2021-10-30 15:57:47 - [TEST_CASE][PASSED] - Test Cases/Sign Up Brick - Failed: Test Cases/Sign Up Brick - Failed

2021-10-30 15:57:48 - [TEST_STEP][PASSED] - openBrowser(""): Browser is opened with url: ''

2021-10-30 15:57:49 - [MESSAGE][INFO] - Starting 'Chrome' driver

2021-10-30 15:57:49 - [MESSAGE][INFO] - Action delay is set to 0 milliseconds

2021-10-30 15:57:53 - [MESSAGE][PASSED] - Browser is opened with url: ''

2021-10-30 15:57:53 - [TEST_STEP][PASSED] - navigateToUrl(url): Navigate to 'https://brick-qa-assignment.herokuapp.com/' successfully

2021-10-30 15:57:56 - [MESSAGE][PASSED] - Navigate to 'https://brick-qa-assignment.herokuapp.com/' successfully

2021-10-30 15:57:56 - [TEST_STEP][PASSED] - click(findTestObject("Page_Brick Sign Up Form/registerBtn")): Object: 'Object Repository/Page_Brick Sign Up Form/registerBtn' is clicked on

2021-10-30 15:57:57 - [MESSAGE][PASSED] - Object: 'Object Repository/Page_Brick Sign Up Form/registerBtn' is clicked on

2021-10-30 15:57:57 - [TEST_STEP][PASSED] - verifyElementVisible(findTestObject("Page_Brick Sign Up Form/errorFirstName"), CONTINUE_ON_FAILURE): Object 'Object Repository/Page_Brick Sign Up Form/errorFirstName' is visible

2021-10-30 15:57:57 - [MESSAGE][PASSED] - Object 'Object Repository/Page_Brick Sign Up Form/errorFirstName' is visible

2021-10-30 15:57:57 - [TEST_STEP][PASSED] - verifyElementVisible(findTestObject("Page_Brick Sign Up Form/errorLastName"), CONTINUE_ON_FAILURE): Object 'Object Repository/Page_Brick Sign Up Form/errorLastName' is visible

2021-10-30 15:57:58 - [MESSAGE][PASSED] - Object 'Object Repository/Page_Brick Sign Up Form/errorLastName' is visible

2021-10-30 15:57:58 - [TEST_STEP][PASSED] - verifyElementVisible(findTestObject("Page_Brick Sign Up Form/errorEmail"), CONTINUE_ON_FAILURE): Object 'Object Repository/Page_Brick Sign Up Form/errorEmail' is visible

2021-10-30 15:57:58 - [MESSAGE][PASSED] - Object 'Object Repository/Page_Brick Sign Up Form/errorEmail' is visible

2021-10-30 15:57:58 - [TEST_STEP][PASSED] - verifyElementVisible(findTestObject("Page_Brick Sign Up Form/errorPass"), CONTINUE_ON_FAILURE): Object 'Object Repository/Page_Brick Sign Up Form/errorPass' is visible

2021-10-30 15:57:58 - [MESSAGE][PASSED] - Object 'Object Repository/Page_Brick Sign Up Form/errorPass' is visible

2021-10-30 15:57:58 - [TEST_STEP][PASSED] - verifyElementVisible(findTestObject("Page_Brick Sign Up Form/errorConfirmPass"), CONTINUE_ON_FAILURE): Object 'Object Repository/Page_Brick Sign Up Form/errorConfirmPass' is visible

2021-10-30 15:57:59 - [MESSAGE][PASSED] - Object 'Object Repository/Page_Brick Sign Up Form/errorConfirmPass' is visible

2021-10-30 15:57:59 - [TEST_STEP][PASSED] - setText(findTestObject("Page_Brick Sign Up Form/firstNameField"), "aisyah"): Text 'aisyah' is set on object 'Object Repository/Page_Brick Sign Up Form/firstNameField'

2021-10-30 15:57:59 - [MESSAGE][PASSED] - Text 'aisyah' is set on object 'Object Repository/Page_Brick Sign Up Form/firstNameField'

2021-10-30 15:57:59 - [TEST_STEP][PASSED] - setText(findTestObject("Page_Brick Sign Up Form/lastNameField"), "syahidah"): Text 'syahidah' is set on object 'Object Repository/Page_Brick Sign Up Form/lastNameField'

2021-10-30 15:58:00 - [MESSAGE][PASSED] - Text 'syahidah' is set on object 'Object Repository/Page_Brick Sign Up Form/lastNameField'

2021-10-30 15:58:00 - [TEST_STEP][PASSED] - setText(findTestObject("Page_Brick Sign Up Form/emailField"), "aisyah87$%@gmail.com"): Text 'aisyah87$%@gmail.com' is set on object 'Object Repository/Page_Brick Sign Up Form/emailField'

2021-10-30 15:58:01 - [MESSAGE][PASSED] - Text 'aisyah87$%@gmail.com' is set on object 'Object Repository/Page_Brick Sign Up Form/emailField'

2021-10-30 15:58:01 - [TEST_STEP][PASSED] - click(findTestObject("Page_Brick Sign Up Form/errorEmail")): Object: 'Object Repository/Page_Brick Sign Up Form/errorEmail' is clicked on

2021-10-30 15:58:02 - [MESSAGE][PASSED] - Object: 'Object Repository/Page_Brick Sign Up Form/errorEmail' is clicked on

2021-10-30 15:58:02 - [TEST_STEP][PASSED] - setText(findTestObject("Page_Brick Sign Up Form/emailField"), "aisyah@gmail.c"): Text 'aisyah@gmail.c' is set on object 'Object Repository/Page_Brick Sign Up Form/emailField'

2021-10-30 15:58:02 - [MESSAGE][PASSED] - Text 'aisyah@gmail.c' is set on object 'Object Repository/Page_Brick Sign Up Form/emailField'

2021-10-30 15:58:02 - [TEST_STEP][PASSED] - click(findTestObject("Page_Brick Sign Up Form/errorEmail")): Object: 'Object Repository/Page_Brick Sign Up Form/errorEmail' is clicked on

2021-10-30 15:58:03 - [MESSAGE][PASSED] - Object: 'Object Repository/Page_Brick Sign Up Form/errorEmail' is clicked on

2021-10-30 15:58:03 - [TEST_STEP][PASSED] - setText(findTestObject("Page_Brick Sign Up Form/emailField"), "aisyah@gmail.com"): Text 'aisyah@gmail.com' is set on object 'Object Repository/Page_Brick Sign Up Form/emailField'

2021-10-30 15:58:04 - [MESSAGE][PASSED] - Text 'aisyah@gmail.com' is set on object 'Object Repository/Page_Brick Sign Up Form/emailField'

2021-10-30 15:58:04 - [TEST_STEP][PASSED] - setText(findTestObject("Page_Brick Sign Up Form/phoneNumberField"), "+6282643767"): Text '+6282643767' is set on object 'Object Repository/Page_Brick Sign Up Form/phoneNumberField'

2021-10-30 15:58:05 - [MESSAGE][PASSED] - Text '+6282643767' is set on object 'Object Repository/Page_Brick Sign Up Form/phoneNumberField'

2021-10-30 15:58:05 - [TEST_STEP][PASSED] - setText(findTestObject("Page_Brick Sign Up Form/addressField"), "sawangan"): Text 'sawangan' is set on object 'Object Repository/Page_Brick Sign Up Form/addressField'

2021-10-30 15:58:05 - [MESSAGE][PASSED] - Text 'sawangan' is set on object 'Object Repository/Page_Brick Sign Up Form/addressField'

2021-10-30 15:58:05 - [TEST_STEP][PASSED] - setEncryptedText(findTestObject("Page_Brick Sign Up Form/passField"), "NOZHw6sL/1I="): Text ****** has been set on object 'Object Repository/Page_Brick Sign Up Form/passField'

2021-10-30 15:58:06 - [MESSAGE][PASSED] - Text ****** has been set on object 'Object Repository/Page_Brick Sign Up Form/passField'

2021-10-30 15:58:06 - [TEST_STEP][PASSED] - verifyElementVisible(findTestObject("Page_Brick Sign Up Form/errorPass"), CONTINUE_ON_FAILURE): Object 'Object Repository/Page_Brick Sign Up Form/errorPass' is visible

2021-10-30 15:58:07 - [MESSAGE][PASSED] - Object 'Object Repository/Page_Brick Sign Up Form/errorPass' is visible

2021-10-30 15:58:07 - [TEST_STEP][PASSED] - setEncryptedText(findTestObject("Page_Brick Sign Up Form/passField"), "8SQVv/p9jVScEs4/2CZsLw=="): Text ****** has been set on object 'Object Repository/Page_Brick Sign Up Form/passField'

2021-10-30 15:58:07 - [MESSAGE][PASSED] - Text ****** has been set on object 'Object Repository/Page_Brick Sign Up Form/passField'

2021-10-30 15:58:07 - [TEST_STEP][PASSED] - setEncryptedText(findTestObject("Page_Brick Sign Up Form/confirmPassField"), "NOZHw6sL/1I="): Text ****** has been set on object 'Object Repository/Page_Brick Sign Up Form/confirmPassField'

2021-10-30 15:58:08 - [MESSAGE][PASSED] - Text ****** has been set on object 'Object Repository/Page_Brick Sign Up Form/confirmPassField'

2021-10-30 15:58:08 - [TEST_STEP][PASSED] - click(findTestObject("Page_Brick Sign Up Form/registerBtn")): Object: 'Object Repository/Page_Brick Sign Up Form/registerBtn' is clicked on

2021-10-30 15:58:08 - [MESSAGE][PASSED] - Object: 'Object Repository/Page_Brick Sign Up Form/registerBtn' is clicked on

2021-10-30 15:58:08 - [TEST_STEP][PASSED] - verifyElementVisible(findTestObject("Page_Brick Sign Up Form/errorConfirmPass")): Object 'Object Repository/Page_Brick Sign Up Form/errorConfirmPass' is visible

2021-10-30 15:58:09 - [MESSAGE][PASSED] - Object 'Object Repository/Page_Brick Sign Up Form/errorConfirmPass' is visible]]></system-out>
         <system-err><![CDATA[]]></system-err>
      </testcase>
      <testcase name="Test Cases/Sign Up Brick - Success" time="38.072" classname="Test Cases/Sign Up Brick - Success" status="PASSED">
         <system-out><![CDATA[2021-10-30 15:58:09 - [TEST_CASE][PASSED] - Test Cases/Sign Up Brick - Success: Test Cases/Sign Up Brick - Success

2021-10-30 15:58:09 - [TEST_STEP][PASSED] - openBrowser(""): Browser is opened with url: ''

2021-10-30 15:58:09 - [MESSAGE][WARNING] - A browser is already opened. Closing browser and opening a new one

2021-10-30 15:58:10 - [MESSAGE][INFO] - Starting 'Chrome' driver

2021-10-30 15:58:10 - [MESSAGE][INFO] - Action delay is set to 0 milliseconds

2021-10-30 15:58:11 - [MESSAGE][PASSED] - Browser is opened with url: ''

2021-10-30 15:58:11 - [TEST_STEP][PASSED] - navigateToUrl(url): Navigate to 'https://brick-qa-assignment.herokuapp.com/' successfully

2021-10-30 15:58:20 - [MESSAGE][PASSED] - Navigate to 'https://brick-qa-assignment.herokuapp.com/' successfully

2021-10-30 15:58:20 - [TEST_STEP][PASSED] - setText(findTestObject("Page_Brick Sign Up Form/firstNameField"), "Aisyah"): Text 'Aisyah' is set on object 'Object Repository/Page_Brick Sign Up Form/firstNameField'

2021-10-30 15:58:21 - [MESSAGE][PASSED] - Text 'Aisyah' is set on object 'Object Repository/Page_Brick Sign Up Form/firstNameField'

2021-10-30 15:58:21 - [TEST_STEP][PASSED] - setText(findTestObject("Page_Brick Sign Up Form/lastNameField"), "Syahidah"): Text 'Syahidah' is set on object 'Object Repository/Page_Brick Sign Up Form/lastNameField'

2021-10-30 15:58:21 - [MESSAGE][PASSED] - Text 'Syahidah' is set on object 'Object Repository/Page_Brick Sign Up Form/lastNameField'

2021-10-30 15:58:21 - [TEST_STEP][PASSED] - setText(findTestObject("Page_Brick Sign Up Form/emailField"), "aisyah65@gmail.com"): Text 'aisyah65@gmail.com' is set on object 'Object Repository/Page_Brick Sign Up Form/emailField'

2021-10-30 15:58:22 - [MESSAGE][PASSED] - Text 'aisyah65@gmail.com' is set on object 'Object Repository/Page_Brick Sign Up Form/emailField'

2021-10-30 15:58:22 - [TEST_STEP][PASSED] - setText(findTestObject("Page_Brick Sign Up Form/phoneNumberField"), "+6285747026"): Text '+6285747026' is set on object 'Object Repository/Page_Brick Sign Up Form/phoneNumberField'

2021-10-30 15:58:23 - [MESSAGE][PASSED] - Text '+6285747026' is set on object 'Object Repository/Page_Brick Sign Up Form/phoneNumberField'

2021-10-30 15:58:23 - [TEST_STEP][PASSED] - setText(findTestObject("Page_Brick Sign Up Form/addressField"), "sawangan"): Text 'sawangan' is set on object 'Object Repository/Page_Brick Sign Up Form/addressField'

2021-10-30 15:58:24 - [MESSAGE][PASSED] - Text 'sawangan' is set on object 'Object Repository/Page_Brick Sign Up Form/addressField'

2021-10-30 15:58:24 - [TEST_STEP][PASSED] - setEncryptedText(findTestObject("Page_Brick Sign Up Form/passField"), "8SQVv/p9jVScEs4/2CZsLw=="): Text ****** has been set on object 'Object Repository/Page_Brick Sign Up Form/passField'

2021-10-30 15:58:24 - [MESSAGE][PASSED] - Text ****** has been set on object 'Object Repository/Page_Brick Sign Up Form/passField'

2021-10-30 15:58:24 - [TEST_STEP][PASSED] - setEncryptedText(findTestObject("Page_Brick Sign Up Form/confirmPassField"), "8SQVv/p9jVScEs4/2CZsLw=="): Text ****** has been set on object 'Object Repository/Page_Brick Sign Up Form/confirmPassField'

2021-10-30 15:58:25 - [MESSAGE][PASSED] - Text ****** has been set on object 'Object Repository/Page_Brick Sign Up Form/confirmPassField'

2021-10-30 15:58:25 - [TEST_STEP][PASSED] - click(findTestObject("Page_Brick Sign Up Form/registerBtn")): Object: 'Object Repository/Page_Brick Sign Up Form/registerBtn' is clicked on

2021-10-30 15:58:46 - [MESSAGE][PASSED] - Object: 'Object Repository/Page_Brick Sign Up Form/registerBtn' is clicked on

2021-10-30 15:58:46 - [TEST_STEP][PASSED] - verifyElementVisible(findTestObject("Page_Brick Sign Up Form/successMsg")): Object 'Object Repository/Page_Brick Sign Up Form/successMsg' is visible

2021-10-30 15:58:46 - [MESSAGE][PASSED] - Object 'Object Repository/Page_Brick Sign Up Form/successMsg' is visible

2021-10-30 15:58:46 - [TEST_STEP][PASSED] - verifyElementVisible(findTestObject("Page_Brick Sign Up Form/checkEmailNotice")): Object 'Object Repository/Page_Brick Sign Up Form/checkEmailNotice' is visible

2021-10-30 15:58:46 - [MESSAGE][PASSED] - Object 'Object Repository/Page_Brick Sign Up Form/checkEmailNotice' is visible

2021-10-30 15:58:46 - [TEST_STEP][PASSED] - click(findTestObject("Page_Brick Sign Up Form/okBtn")): Object: 'Object Repository/Page_Brick Sign Up Form/okBtn' is clicked on

2021-10-30 15:58:47 - [MESSAGE][PASSED] - Object: 'Object Repository/Page_Brick Sign Up Form/okBtn' is clicked on]]></system-out>
         <system-err><![CDATA[]]></system-err>
      </testcase>
      <testcase name="Test Cases/Sign Up Brick - Error Email" time="36.311" classname="Test Cases/Sign Up Brick - Error Email" status="FAILED">
         <failure type="FAILED" message="Test Cases/Sign Up Brick - Error Email FAILED.
Reason:
com.kms.katalon.core.exception.StepFailedException: Unable to click on object
	at com.kms.katalon.core.webui.keyword.internal.WebUIKeywordMain.stepFailed(WebUIKeywordMain.groovy:64)
	at com.kms.katalon.core.webui.keyword.internal.WebUIKeywordMain.runKeyword(WebUIKeywordMain.groovy:26)
	at com.kms.katalon.core.webui.keyword.builtin.ClickKeyword.click(ClickKeyword.groovy:75)
	at com.kms.katalon.core.webui.keyword.builtin.ClickKeyword.execute(ClickKeyword.groovy:42)
	at com.kms.katalon.core.keyword.internal.KeywordExecutor.executeKeywordForPlatform(KeywordExecutor.groovy:74)
	at com.kms.katalon.core.webui.keyword.WebUiBuiltInKeywords.click(WebUiBuiltInKeywords.groovy:620)
	at com.kms.katalon.core.webui.keyword.WebUiBuiltInKeywords$click$1.call(Unknown Source)
	at Sign Up Brick - Error Email.run(Sign Up Brick - Error Email:42)
	at com.kms.katalon.core.main.ScriptEngine.run(ScriptEngine.java:194)
	at com.kms.katalon.core.main.ScriptEngine.runScriptAsRawText(ScriptEngine.java:119)
	at com.kms.katalon.core.main.TestCaseExecutor.runScript(TestCaseExecutor.java:430)
	at com.kms.katalon.core.main.TestCaseExecutor.doExecute(TestCaseExecutor.java:421)
	at com.kms.katalon.core.main.TestCaseExecutor.processExecutionPhase(TestCaseExecutor.java:400)
	at com.kms.katalon.core.main.TestCaseExecutor.accessMainPhase(TestCaseExecutor.java:392)
	at com.kms.katalon.core.main.TestCaseExecutor.execute(TestCaseExecutor.java:273)
	at com.kms.katalon.core.main.TestSuiteExecutor.accessTestCaseMainPhase(TestSuiteExecutor.java:202)
	at com.kms.katalon.core.main.TestSuiteExecutor.accessTestSuiteMainPhase(TestSuiteExecutor.java:164)
	at com.kms.katalon.core.main.TestSuiteExecutor.execute(TestSuiteExecutor.java:105)
	at com.kms.katalon.core.main.TestCaseMain.startTestSuite(TestCaseMain.java:185)
	at com.kms.katalon.core.main.TestCaseMain$startTestSuite$0.call(Unknown Source)
	at TempTestSuite1635584244655.run(TempTestSuite1635584244655.groovy:36)
Caused by: java.lang.IllegalArgumentException: Object is null
	at com.kms.katalon.core.helper.KeywordHelper.checkTestObjectParameter(KeywordHelper.java:33)
	at com.kms.katalon.core.webui.keyword.builtin.ClickKeyword$_click_closure1.doCall(ClickKeyword.groovy:64)
	at com.kms.katalon.core.webui.keyword.builtin.ClickKeyword$_click_closure1.call(ClickKeyword.groovy)
	at com.kms.katalon.core.webui.keyword.internal.WebUIKeywordMain.runKeyword(WebUIKeywordMain.groovy:20)
	... 19 more
"/>
         <system-out><![CDATA[2021-10-30 15:58:47 - [TEST_CASE][FAILED] - Test Cases/Sign Up Brick - Error Email: Test Cases/Sign Up Brick - Error Email FAILED.
Reason:
com.kms.katalon.core.exception.StepFailedException: Unable to click on object
	at com.kms.katalon.core.webui.keyword.internal.WebUIKeywordMain.stepFailed(WebUIKeywordMain.groovy:64)
	at com.kms.katalon.core.webui.keyword.internal.WebUIKeywordMain.runKeyword(WebUIKeywordMain.groovy:26)
	at com.kms.katalon.core.webui.keyword.builtin.ClickKeyword.click(ClickKeyword.groovy:75)
	at com.kms.katalon.core.webui.keyword.builtin.ClickKeyword.execute(ClickKeyword.groovy:42)
	at com.kms.katalon.core.keyword.internal.KeywordExecutor.executeKeywordForPlatform(KeywordExecutor.groovy:74)
	at com.kms.katalon.core.webui.keyword.WebUiBuiltInKeywords.click(WebUiBuiltInKeywords.groovy:620)
	at com.kms.katalon.core.webui.keyword.WebUiBuiltInKeywords$click$1.call(Unknown Source)
	at Sign Up Brick - Error Email.run(Sign Up Brick - Error Email:42)
	at com.kms.katalon.core.main.ScriptEngine.run(ScriptEngine.java:194)
	at com.kms.katalon.core.main.ScriptEngine.runScriptAsRawText(ScriptEngine.java:119)
	at com.kms.katalon.core.main.TestCaseExecutor.runScript(TestCaseExecutor.java:430)
	at com.kms.katalon.core.main.TestCaseExecutor.doExecute(TestCaseExecutor.java:421)
	at com.kms.katalon.core.main.TestCaseExecutor.processExecutionPhase(TestCaseExecutor.java:400)
	at com.kms.katalon.core.main.TestCaseExecutor.accessMainPhase(TestCaseExecutor.java:392)
	at com.kms.katalon.core.main.TestCaseExecutor.execute(TestCaseExecutor.java:273)
	at com.kms.katalon.core.main.TestSuiteExecutor.accessTestCaseMainPhase(TestSuiteExecutor.java:202)
	at com.kms.katalon.core.main.TestSuiteExecutor.accessTestSuiteMainPhase(TestSuiteExecutor.java:164)
	at com.kms.katalon.core.main.TestSuiteExecutor.execute(TestSuiteExecutor.java:105)
	at com.kms.katalon.core.main.TestCaseMain.startTestSuite(TestCaseMain.java:185)
	at com.kms.katalon.core.main.TestCaseMain$startTestSuite$0.call(Unknown Source)
	at TempTestSuite1635584244655.run(TempTestSuite1635584244655.groovy:36)
Caused by: java.lang.IllegalArgumentException: Object is null
	at com.kms.katalon.core.helper.KeywordHelper.checkTestObjectParameter(KeywordHelper.java:33)
	at com.kms.katalon.core.webui.keyword.builtin.ClickKeyword$_click_closure1.doCall(ClickKeyword.groovy:64)
	at com.kms.katalon.core.webui.keyword.builtin.ClickKeyword$_click_closure1.call(ClickKeyword.groovy)
	at com.kms.katalon.core.webui.keyword.internal.WebUIKeywordMain.runKeyword(WebUIKeywordMain.groovy:20)
	... 19 more


2021-10-30 15:58:47 - [TEST_STEP][PASSED] - openBrowser(""): Browser is opened with url: ''

2021-10-30 15:58:47 - [MESSAGE][WARNING] - A browser is already opened. Closing browser and opening a new one

2021-10-30 15:58:48 - [MESSAGE][INFO] - Starting 'Chrome' driver

2021-10-30 15:58:48 - [MESSAGE][INFO] - Action delay is set to 0 milliseconds

2021-10-30 15:58:49 - [MESSAGE][PASSED] - Browser is opened with url: ''

2021-10-30 15:58:49 - [TEST_STEP][PASSED] - navigateToUrl(url): Navigate to 'https://brick-qa-assignment.herokuapp.com/' successfully

2021-10-30 15:59:17 - [MESSAGE][PASSED] - Navigate to 'https://brick-qa-assignment.herokuapp.com/' successfully

2021-10-30 15:59:17 - [TEST_STEP][PASSED] - setText(findTestObject("Page_Brick Sign Up Form/firstNameField"), "a"): Text 'a' is set on object 'Object Repository/Page_Brick Sign Up Form/firstNameField'

2021-10-30 15:59:17 - [MESSAGE][PASSED] - Text 'a' is set on object 'Object Repository/Page_Brick Sign Up Form/firstNameField'

2021-10-30 15:59:17 - [TEST_STEP][PASSED] - setText(findTestObject("Page_Brick Sign Up Form/lastNameField"), "b"): Text 'b' is set on object 'Object Repository/Page_Brick Sign Up Form/lastNameField'

2021-10-30 15:59:18 - [MESSAGE][PASSED] - Text 'b' is set on object 'Object Repository/Page_Brick Sign Up Form/lastNameField'

2021-10-30 15:59:18 - [TEST_STEP][PASSED] - setText(findTestObject("Page_Brick Sign Up Form/emailField"), "aisyah65@gmail.com"): Text 'aisyah65@gmail.com' is set on object 'Object Repository/Page_Brick Sign Up Form/emailField'

2021-10-30 15:59:19 - [MESSAGE][PASSED] - Text 'aisyah65@gmail.com' is set on object 'Object Repository/Page_Brick Sign Up Form/emailField'

2021-10-30 15:59:19 - [TEST_STEP][PASSED] - setText(findTestObject("Page_Brick Sign Up Form/phoneNumberField"), "+62826532"): Text '+62826532' is set on object 'Object Repository/Page_Brick Sign Up Form/phoneNumberField'

2021-10-30 15:59:20 - [MESSAGE][PASSED] - Text '+62826532' is set on object 'Object Repository/Page_Brick Sign Up Form/phoneNumberField'

2021-10-30 15:59:20 - [TEST_STEP][PASSED] - setEncryptedText(findTestObject("Page_Brick Sign Up Form/passField"), "p4y+y39Ir5MSxNs1t5lTZQ=="): Text ****** has been set on object 'Object Repository/Page_Brick Sign Up Form/passField'

2021-10-30 15:59:20 - [MESSAGE][PASSED] - Text ****** has been set on object 'Object Repository/Page_Brick Sign Up Form/passField'

2021-10-30 15:59:20 - [TEST_STEP][PASSED] - setEncryptedText(findTestObject("Page_Brick Sign Up Form/confirmPassField"), "p4y+y39Ir5MSxNs1t5lTZQ=="): Text ****** has been set on object 'Object Repository/Page_Brick Sign Up Form/confirmPassField'

2021-10-30 15:59:21 - [MESSAGE][PASSED] - Text ****** has been set on object 'Object Repository/Page_Brick Sign Up Form/confirmPassField'

2021-10-30 15:59:21 - [TEST_STEP][PASSED] - click(findTestObject("Page_Brick Sign Up Form/registerBtn")): Object: 'Object Repository/Page_Brick Sign Up Form/registerBtn' is clicked on

2021-10-30 15:59:22 - [MESSAGE][PASSED] - Object: 'Object Repository/Page_Brick Sign Up Form/registerBtn' is clicked on

2021-10-30 15:59:22 - [TEST_STEP][PASSED] - verifyEqual(getText(findTestObject("Page_Brick Sign Up Form/errorMsg")), "Error"): Actual object 'Error' and expected object 'Error' are equal

2021-10-30 15:59:22 - [MESSAGE][PASSED] - Text of object 'Object Repository/Page_Brick Sign Up Form/errorMsg' is: 'Error'

2021-10-30 15:59:22 - [MESSAGE][PASSED] - Actual object 'Error' and expected object 'Error' are equal

2021-10-30 15:59:22 - [TEST_STEP][PASSED] - verifyElementVisible(findTestObject("Page_Brick Sign Up Form/emailNotice")): Object 'Object Repository/Page_Brick Sign Up Form/emailNotice' is visible

2021-10-30 15:59:23 - [MESSAGE][PASSED] - Object 'Object Repository/Page_Brick Sign Up Form/emailNotice' is visible

2021-10-30 15:59:23 - [TEST_STEP][FAILED] - click(findTestObject("Page_Brick Sign Up Form/button_OK")): Unable to click on object (Root cause: com.kms.katalon.core.exception.StepFailedException: Unable to click on object
	at com.kms.katalon.core.webui.keyword.internal.WebUIKeywordMain.stepFailed(WebUIKeywordMain.groovy:64)
	at com.kms.katalon.core.webui.keyword.internal.WebUIKeywordMain.runKeyword(WebUIKeywordMain.groovy:26)
	at com.kms.katalon.core.webui.keyword.builtin.ClickKeyword.click(ClickKeyword.groovy:75)
	at com.kms.katalon.core.webui.keyword.builtin.ClickKeyword.execute(ClickKeyword.groovy:42)
	at com.kms.katalon.core.keyword.internal.KeywordExecutor.executeKeywordForPlatform(KeywordExecutor.groovy:74)
	at com.kms.katalon.core.webui.keyword.WebUiBuiltInKeywords.click(WebUiBuiltInKeywords.groovy:620)
	at com.kms.katalon.core.webui.keyword.WebUiBuiltInKeywords$click$1.call(Unknown Source)
	at Sign Up Brick - Error Email.run(Sign Up Brick - Error Email:42)
	at com.kms.katalon.core.main.ScriptEngine.run(ScriptEngine.java:194)
	at com.kms.katalon.core.main.ScriptEngine.runScriptAsRawText(ScriptEngine.java:119)
	at com.kms.katalon.core.main.TestCaseExecutor.runScript(TestCaseExecutor.java:430)
	at com.kms.katalon.core.main.TestCaseExecutor.doExecute(TestCaseExecutor.java:421)
	at com.kms.katalon.core.main.TestCaseExecutor.processExecutionPhase(TestCaseExecutor.java:400)
	at com.kms.katalon.core.main.TestCaseExecutor.accessMainPhase(TestCaseExecutor.java:392)
	at com.kms.katalon.core.main.TestCaseExecutor.execute(TestCaseExecutor.java:273)
	at com.kms.katalon.core.main.TestSuiteExecutor.accessTestCaseMainPhase(TestSuiteExecutor.java:202)
	at com.kms.katalon.core.main.TestSuiteExecutor.accessTestSuiteMainPhase(TestSuiteExecutor.java:164)
	at com.kms.katalon.core.main.TestSuiteExecutor.execute(TestSuiteExecutor.java:105)
	at com.kms.katalon.core.main.TestCaseMain.startTestSuite(TestCaseMain.java:185)
	at com.kms.katalon.core.main.TestCaseMain$startTestSuite$0.call(Unknown Source)
	at TempTestSuite1635584244655.run(TempTestSuite1635584244655.groovy:36)
Caused by: java.lang.IllegalArgumentException: Object is null
	at com.kms.katalon.core.helper.KeywordHelper.checkTestObjectParameter(KeywordHelper.java:33)
	at com.kms.katalon.core.webui.keyword.builtin.ClickKeyword$_click_closure1.doCall(ClickKeyword.groovy:64)
	at com.kms.katalon.core.webui.keyword.builtin.ClickKeyword$_click_closure1.call(ClickKeyword.groovy)
	at com.kms.katalon.core.webui.keyword.internal.WebUIKeywordMain.runKeyword(WebUIKeywordMain.groovy:20)
	at com.kms.katalon.core.webui.keyword.builtin.ClickKeyword.click(ClickKeyword.groovy:75)
	at com.kms.katalon.core.webui.keyword.builtin.ClickKeyword.execute(ClickKeyword.groovy:42)
	at com.kms.katalon.core.keyword.internal.KeywordExecutor.executeKeywordForPlatform(KeywordExecutor.groovy:74)
	at com.kms.katalon.core.webui.keyword.WebUiBuiltInKeywords.click(WebUiBuiltInKeywords.groovy:620)
	at com.kms.katalon.core.webui.keyword.WebUiBuiltInKeywords$click$1.call(Unknown Source)
	at Script1635583818017.run(Script1635583818017.groovy:42)
	... 13 more
)

2021-10-30 15:59:23 - [MESSAGE][WARNING] - Test object with id 'Object Repository/Page_Brick Sign Up Form/button_OK' does not exist

2021-10-30 15:59:23 - [MESSAGE][WARNING] - Test object with id 'Object Repository/' does not exist

2021-10-30 15:59:23 - [MESSAGE][FAILED] - Unable to click on object (Root cause: com.kms.katalon.core.exception.StepFailedException: Unable to click on object
	at com.kms.katalon.core.webui.keyword.internal.WebUIKeywordMain.stepFailed(WebUIKeywordMain.groovy:64)
	at com.kms.katalon.core.webui.keyword.internal.WebUIKeywordMain.runKeyword(WebUIKeywordMain.groovy:26)
	at com.kms.katalon.core.webui.keyword.builtin.ClickKeyword.click(ClickKeyword.groovy:75)
	at com.kms.katalon.core.webui.keyword.builtin.ClickKeyword.execute(ClickKeyword.groovy:42)
	at com.kms.katalon.core.keyword.internal.KeywordExecutor.executeKeywordForPlatform(KeywordExecutor.groovy:74)
	at com.kms.katalon.core.webui.keyword.WebUiBuiltInKeywords.click(WebUiBuiltInKeywords.groovy:620)
	at com.kms.katalon.core.webui.keyword.WebUiBuiltInKeywords$click$1.call(Unknown Source)
	at Sign Up Brick - Error Email.run(Sign Up Brick - Error Email:42)
	at com.kms.katalon.core.main.ScriptEngine.run(ScriptEngine.java:194)
	at com.kms.katalon.core.main.ScriptEngine.runScriptAsRawText(ScriptEngine.java:119)
	at com.kms.katalon.core.main.TestCaseExecutor.runScript(TestCaseExecutor.java:430)
	at com.kms.katalon.core.main.TestCaseExecutor.doExecute(TestCaseExecutor.java:421)
	at com.kms.katalon.core.main.TestCaseExecutor.processExecutionPhase(TestCaseExecutor.java:400)
	at com.kms.katalon.core.main.TestCaseExecutor.accessMainPhase(TestCaseExecutor.java:392)
	at com.kms.katalon.core.main.TestCaseExecutor.execute(TestCaseExecutor.java:273)
	at com.kms.katalon.core.main.TestSuiteExecutor.accessTestCaseMainPhase(TestSuiteExecutor.java:202)
	at com.kms.katalon.core.main.TestSuiteExecutor.accessTestSuiteMainPhase(TestSuiteExecutor.java:164)
	at com.kms.katalon.core.main.TestSuiteExecutor.execute(TestSuiteExecutor.java:105)
	at com.kms.katalon.core.main.TestCaseMain.startTestSuite(TestCaseMain.java:185)
	at com.kms.katalon.core.main.TestCaseMain$startTestSuite$0.call(Unknown Source)
	at TempTestSuite1635584244655.run(TempTestSuite1635584244655.groovy:36)
Caused by: java.lang.IllegalArgumentException: Object is null
	at com.kms.katalon.core.helper.KeywordHelper.checkTestObjectParameter(KeywordHelper.java:33)
	at com.kms.katalon.core.webui.keyword.builtin.ClickKeyword$_click_closure1.doCall(ClickKeyword.groovy:64)
	at com.kms.katalon.core.webui.keyword.builtin.ClickKeyword$_click_closure1.call(ClickKeyword.groovy)
	at com.kms.katalon.core.webui.keyword.internal.WebUIKeywordMain.runKeyword(WebUIKeywordMain.groovy:20)
	at com.kms.katalon.core.webui.keyword.builtin.ClickKeyword.click(ClickKeyword.groovy:75)
	at com.kms.katalon.core.webui.keyword.builtin.ClickKeyword.execute(ClickKeyword.groovy:42)
	at com.kms.katalon.core.keyword.internal.KeywordExecutor.executeKeywordForPlatform(KeywordExecutor.groovy:74)
	at com.kms.katalon.core.webui.keyword.WebUiBuiltInKeywords.click(WebUiBuiltInKeywords.groovy:620)
	at com.kms.katalon.core.webui.keyword.WebUiBuiltInKeywords$click$1.call(Unknown Source)
	at Script1635583818017.run(Script1635583818017.groovy:42)
	... 13 more
)
[[ATTACHMENT|C:\\Users\\Asus\\Katalon Studio\\first project\\Reports\\20211030_155724\\Sign Up\\20211030_155724\\1635584363260.png]]]]></system-out>
         <system-err><![CDATA[2021-10-30 15:58:47 - [TEST_CASE][FAILED] - Test Cases/Sign Up Brick - Error Email: Test Cases/Sign Up Brick - Error Email FAILED.
Reason:
com.kms.katalon.core.exception.StepFailedException: Unable to click on object
	at com.kms.katalon.core.webui.keyword.internal.WebUIKeywordMain.stepFailed(WebUIKeywordMain.groovy:64)
	at com.kms.katalon.core.webui.keyword.internal.WebUIKeywordMain.runKeyword(WebUIKeywordMain.groovy:26)
	at com.kms.katalon.core.webui.keyword.builtin.ClickKeyword.click(ClickKeyword.groovy:75)
	at com.kms.katalon.core.webui.keyword.builtin.ClickKeyword.execute(ClickKeyword.groovy:42)
	at com.kms.katalon.core.keyword.internal.KeywordExecutor.executeKeywordForPlatform(KeywordExecutor.groovy:74)
	at com.kms.katalon.core.webui.keyword.WebUiBuiltInKeywords.click(WebUiBuiltInKeywords.groovy:620)
	at com.kms.katalon.core.webui.keyword.WebUiBuiltInKeywords$click$1.call(Unknown Source)
	at Sign Up Brick - Error Email.run(Sign Up Brick - Error Email:42)
	at com.kms.katalon.core.main.ScriptEngine.run(ScriptEngine.java:194)
	at com.kms.katalon.core.main.ScriptEngine.runScriptAsRawText(ScriptEngine.java:119)
	at com.kms.katalon.core.main.TestCaseExecutor.runScript(TestCaseExecutor.java:430)
	at com.kms.katalon.core.main.TestCaseExecutor.doExecute(TestCaseExecutor.java:421)
	at com.kms.katalon.core.main.TestCaseExecutor.processExecutionPhase(TestCaseExecutor.java:400)
	at com.kms.katalon.core.main.TestCaseExecutor.accessMainPhase(TestCaseExecutor.java:392)
	at com.kms.katalon.core.main.TestCaseExecutor.execute(TestCaseExecutor.java:273)
	at com.kms.katalon.core.main.TestSuiteExecutor.accessTestCaseMainPhase(TestSuiteExecutor.java:202)
	at com.kms.katalon.core.main.TestSuiteExecutor.accessTestSuiteMainPhase(TestSuiteExecutor.java:164)
	at com.kms.katalon.core.main.TestSuiteExecutor.execute(TestSuiteExecutor.java:105)
	at com.kms.katalon.core.main.TestCaseMain.startTestSuite(TestCaseMain.java:185)
	at com.kms.katalon.core.main.TestCaseMain$startTestSuite$0.call(Unknown Source)
	at TempTestSuite1635584244655.run(TempTestSuite1635584244655.groovy:36)
Caused by: java.lang.IllegalArgumentException: Object is null
	at com.kms.katalon.core.helper.KeywordHelper.checkTestObjectParameter(KeywordHelper.java:33)
	at com.kms.katalon.core.webui.keyword.builtin.ClickKeyword$_click_closure1.doCall(ClickKeyword.groovy:64)
	at com.kms.katalon.core.webui.keyword.builtin.ClickKeyword$_click_closure1.call(ClickKeyword.groovy)
	at com.kms.katalon.core.webui.keyword.internal.WebUIKeywordMain.runKeyword(WebUIKeywordMain.groovy:20)
	... 19 more]]></system-err>
      </testcase>
      <system-out><![CDATA[2021-10-30 15:57:47 - [TEST_SUITE][FAILED] - Sign Up: Test Cases/Sign Up Brick - Error Email FAILED.
Reason:
com.kms.katalon.core.exception.StepFailedException: Unable to click on object
	at com.kms.katalon.core.webui.keyword.internal.WebUIKeywordMain.stepFailed(WebUIKeywordMain.groovy:64)
	at com.kms.katalon.core.webui.keyword.internal.WebUIKeywordMain.runKeyword(WebUIKeywordMain.groovy:26)
	at com.kms.katalon.core.webui.keyword.builtin.ClickKeyword.click(ClickKeyword.groovy:75)
	at com.kms.katalon.core.webui.keyword.builtin.ClickKeyword.execute(ClickKeyword.groovy:42)
	at com.kms.katalon.core.keyword.internal.KeywordExecutor.executeKeywordForPlatform(KeywordExecutor.groovy:74)
	at com.kms.katalon.core.webui.keyword.WebUiBuiltInKeywords.click(WebUiBuiltInKeywords.groovy:620)
	at com.kms.katalon.core.webui.keyword.WebUiBuiltInKeywords$click$1.call(Unknown Source)
	at Sign Up Brick - Error Email.run(Sign Up Brick - Error Email:42)
	at com.kms.katalon.core.main.ScriptEngine.run(ScriptEngine.java:194)
	at com.kms.katalon.core.main.ScriptEngine.runScriptAsRawText(ScriptEngine.java:119)
	at com.kms.katalon.core.main.TestCaseExecutor.runScript(TestCaseExecutor.java:430)
	at com.kms.katalon.core.main.TestCaseExecutor.doExecute(TestCaseExecutor.java:421)
	at com.kms.katalon.core.main.TestCaseExecutor.processExecutionPhase(TestCaseExecutor.java:400)
	at com.kms.katalon.core.main.TestCaseExecutor.accessMainPhase(TestCaseExecutor.java:392)
	at com.kms.katalon.core.main.TestCaseExecutor.execute(TestCaseExecutor.java:273)
	at com.kms.katalon.core.main.TestSuiteExecutor.accessTestCaseMainPhase(TestSuiteExecutor.java:202)
	at com.kms.katalon.core.main.TestSuiteExecutor.accessTestSuiteMainPhase(TestSuiteExecutor.java:164)
	at com.kms.katalon.core.main.TestSuiteExecutor.execute(TestSuiteExecutor.java:105)
	at com.kms.katalon.core.main.TestCaseMain.startTestSuite(TestCaseMain.java:185)
	at com.kms.katalon.core.main.TestCaseMain$startTestSuite$0.call(Unknown Source)
	at TempTestSuite1635584244655.run(TempTestSuite1635584244655.groovy:36)
Caused by: java.lang.IllegalArgumentException: Object is null
	at com.kms.katalon.core.helper.KeywordHelper.checkTestObjectParameter(KeywordHelper.java:33)
	at com.kms.katalon.core.webui.keyword.builtin.ClickKeyword$_click_closure1.doCall(ClickKeyword.groovy:64)
	at com.kms.katalon.core.webui.keyword.builtin.ClickKeyword$_click_closure1.call(ClickKeyword.groovy)
	at com.kms.katalon.core.webui.keyword.internal.WebUIKeywordMain.runKeyword(WebUIKeywordMain.groovy:20)
	... 19 more]]></system-out>
      <system-err><![CDATA[2021-10-30 15:57:47 - [TEST_SUITE][FAILED] - Sign Up: Test Cases/Sign Up Brick - Error Email FAILED.
Reason:
com.kms.katalon.core.exception.StepFailedException: Unable to click on object
	at com.kms.katalon.core.webui.keyword.internal.WebUIKeywordMain.stepFailed(WebUIKeywordMain.groovy:64)
	at com.kms.katalon.core.webui.keyword.internal.WebUIKeywordMain.runKeyword(WebUIKeywordMain.groovy:26)
	at com.kms.katalon.core.webui.keyword.builtin.ClickKeyword.click(ClickKeyword.groovy:75)
	at com.kms.katalon.core.webui.keyword.builtin.ClickKeyword.execute(ClickKeyword.groovy:42)
	at com.kms.katalon.core.keyword.internal.KeywordExecutor.executeKeywordForPlatform(KeywordExecutor.groovy:74)
	at com.kms.katalon.core.webui.keyword.WebUiBuiltInKeywords.click(WebUiBuiltInKeywords.groovy:620)
	at com.kms.katalon.core.webui.keyword.WebUiBuiltInKeywords$click$1.call(Unknown Source)
	at Sign Up Brick - Error Email.run(Sign Up Brick - Error Email:42)
	at com.kms.katalon.core.main.ScriptEngine.run(ScriptEngine.java:194)
	at com.kms.katalon.core.main.ScriptEngine.runScriptAsRawText(ScriptEngine.java:119)
	at com.kms.katalon.core.main.TestCaseExecutor.runScript(TestCaseExecutor.java:430)
	at com.kms.katalon.core.main.TestCaseExecutor.doExecute(TestCaseExecutor.java:421)
	at com.kms.katalon.core.main.TestCaseExecutor.processExecutionPhase(TestCaseExecutor.java:400)
	at com.kms.katalon.core.main.TestCaseExecutor.accessMainPhase(TestCaseExecutor.java:392)
	at com.kms.katalon.core.main.TestCaseExecutor.execute(TestCaseExecutor.java:273)
	at com.kms.katalon.core.main.TestSuiteExecutor.accessTestCaseMainPhase(TestSuiteExecutor.java:202)
	at com.kms.katalon.core.main.TestSuiteExecutor.accessTestSuiteMainPhase(TestSuiteExecutor.java:164)
	at com.kms.katalon.core.main.TestSuiteExecutor.execute(TestSuiteExecutor.java:105)
	at com.kms.katalon.core.main.TestCaseMain.startTestSuite(TestCaseMain.java:185)
	at com.kms.katalon.core.main.TestCaseMain$startTestSuite$0.call(Unknown Source)
	at TempTestSuite1635584244655.run(TempTestSuite1635584244655.groovy:36)
Caused by: java.lang.IllegalArgumentException: Object is null
	at com.kms.katalon.core.helper.KeywordHelper.checkTestObjectParameter(KeywordHelper.java:33)
	at com.kms.katalon.core.webui.keyword.builtin.ClickKeyword$_click_closure1.doCall(ClickKeyword.groovy:64)
	at com.kms.katalon.core.webui.keyword.builtin.ClickKeyword$_click_closure1.call(ClickKeyword.groovy)
	at com.kms.katalon.core.webui.keyword.internal.WebUIKeywordMain.runKeyword(WebUIKeywordMain.groovy:20)
	... 19 more]]></system-err>
   </testsuite>
</testsuites>
