<?xml version="1.0" encoding="UTF-8"?>
<testsuites name="Authentication" time="75.862" tests="5" failures="0" errors="0">
   <testsuite name="Authentication" tests="5" failures="0" errors="0" time="75.862" skipped="0" timestamp="2021-10-30 17:01:22" hostname="Asus - DESKTOP-EQE6D2I" id="Test Suites/Authentication">
      <properties>
         <property name="deviceName" value=""/>
         <property name="devicePlatform" value=""/>
         <property name="logFolder" value="C:\\Users\\Asus\\Katalon Studio\\first project\\Reports\\20211030_170111\\Authentication\\20211030_170111"/>
         <property name="logFiles" value="C:\\Users\\Asus\\Katalon Studio\\first project\\Reports\\20211030_170111\\Authentication\\20211030_170111\\execution0.log"/>
         <property name="attachments" value=""/>
         <property name="hostName" value="Asus - DESKTOP-EQE6D2I"/>
         <property name="os" value="Windows 10 64bit"/>
         <property name="katalonVersion" value="8.1.0.208"/>
         <property name="browser" value="Chrome 95.0.4638.54"/>
         <property name="hostAddress" value="192.168.203.44"/>
         <property name="sessionId" value="1e0d0bfaafeaf6c177efdc4f6e02d202"/>
         <property name="seleniumVersion" value="3.141.59"/>
         <property name="proxyInformation" value="ProxyInformation { proxyOption=NO_PROXY, proxyServerType=HTTP, username=, password=********, proxyServerAddress=, proxyServerPort=0, executionList=&quot;&quot;, isApplyToDesiredCapabilities=true }"/>
         <property name="platform" value="Windows 10"/>
      </properties>
      <testcase name="Test Cases/Sign Up Brick - Failed" time="20.314" classname="Test Cases/Sign Up Brick - Failed" status="PASSED">
         <system-out><![CDATA[2021-10-30 17:01:23 - [TEST_CASE][PASSED] - Test Cases/Sign Up Brick - Failed: Test Cases/Sign Up Brick - Failed

2021-10-30 17:01:23 - [TEST_STEP][PASSED] - openBrowser(""): Browser is opened with url: ''

2021-10-30 17:01:24 - [MESSAGE][INFO] - Starting 'Chrome' driver

2021-10-30 17:01:24 - [MESSAGE][INFO] - Action delay is set to 0 milliseconds

2021-10-30 17:01:26 - [MESSAGE][PASSED] - Browser is opened with url: ''

2021-10-30 17:01:26 - [TEST_STEP][PASSED] - navigateToUrl(url): Navigate to 'https://brick-qa-assignment.herokuapp.com/' successfully

2021-10-30 17:01:30 - [MESSAGE][PASSED] - Navigate to 'https://brick-qa-assignment.herokuapp.com/' successfully

2021-10-30 17:01:30 - [TEST_STEP][PASSED] - click(findTestObject("Sign Up Page - Brick/registerBtn")): Object: 'Object Repository/Sign Up Page - Brick/registerBtn' is clicked on

2021-10-30 17:01:30 - [MESSAGE][PASSED] - Object: 'Object Repository/Sign Up Page - Brick/registerBtn' is clicked on

2021-10-30 17:01:30 - [TEST_STEP][PASSED] - verifyElementVisible(findTestObject("Sign Up Page - Brick/errorFirstName"), CONTINUE_ON_FAILURE): Object 'Object Repository/Sign Up Page - Brick/errorFirstName' is visible

2021-10-30 17:01:31 - [MESSAGE][PASSED] - Object 'Object Repository/Sign Up Page - Brick/errorFirstName' is visible

2021-10-30 17:01:31 - [TEST_STEP][PASSED] - verifyElementVisible(findTestObject("Sign Up Page - Brick/errorLastName"), CONTINUE_ON_FAILURE): Object 'Object Repository/Sign Up Page - Brick/errorLastName' is visible

2021-10-30 17:01:31 - [MESSAGE][PASSED] - Object 'Object Repository/Sign Up Page - Brick/errorLastName' is visible

2021-10-30 17:01:31 - [TEST_STEP][PASSED] - verifyElementVisible(findTestObject("Sign Up Page - Brick/errorEmail"), CONTINUE_ON_FAILURE): Object 'Object Repository/Sign Up Page - Brick/errorEmail' is visible

2021-10-30 17:01:32 - [MESSAGE][PASSED] - Object 'Object Repository/Sign Up Page - Brick/errorEmail' is visible

2021-10-30 17:01:32 - [TEST_STEP][PASSED] - verifyElementVisible(findTestObject("Sign Up Page - Brick/errorPass"), CONTINUE_ON_FAILURE): Object 'Object Repository/Sign Up Page - Brick/errorPass' is visible

2021-10-30 17:01:32 - [MESSAGE][PASSED] - Object 'Object Repository/Sign Up Page - Brick/errorPass' is visible

2021-10-30 17:01:32 - [TEST_STEP][PASSED] - verifyElementVisible(findTestObject("Sign Up Page - Brick/errorConfirmPass"), CONTINUE_ON_FAILURE): Object 'Object Repository/Sign Up Page - Brick/errorConfirmPass' is visible

2021-10-30 17:01:32 - [MESSAGE][PASSED] - Object 'Object Repository/Sign Up Page - Brick/errorConfirmPass' is visible

2021-10-30 17:01:32 - [TEST_STEP][PASSED] - setText(findTestObject("Sign Up Page - Brick/firstNameField"), "aisyah"): Text 'aisyah' is set on object 'Object Repository/Sign Up Page - Brick/firstNameField'

2021-10-30 17:01:33 - [MESSAGE][PASSED] - Text 'aisyah' is set on object 'Object Repository/Sign Up Page - Brick/firstNameField'

2021-10-30 17:01:33 - [TEST_STEP][PASSED] - setText(findTestObject("Sign Up Page - Brick/lastNameField"), "syahidah"): Text 'syahidah' is set on object 'Object Repository/Sign Up Page - Brick/lastNameField'

2021-10-30 17:01:34 - [MESSAGE][PASSED] - Text 'syahidah' is set on object 'Object Repository/Sign Up Page - Brick/lastNameField'

2021-10-30 17:01:34 - [TEST_STEP][PASSED] - setText(findTestObject("Sign Up Page - Brick/emailField"), "aisyah87$%@gmail.com"): Text 'aisyah87$%@gmail.com' is set on object 'Object Repository/Sign Up Page - Brick/emailField'

2021-10-30 17:01:35 - [MESSAGE][PASSED] - Text 'aisyah87$%@gmail.com' is set on object 'Object Repository/Sign Up Page - Brick/emailField'

2021-10-30 17:01:35 - [TEST_STEP][PASSED] - click(findTestObject("Sign Up Page - Brick/errorEmail")): Object: 'Object Repository/Sign Up Page - Brick/errorEmail' is clicked on

2021-10-30 17:01:35 - [MESSAGE][PASSED] - Object: 'Object Repository/Sign Up Page - Brick/errorEmail' is clicked on

2021-10-30 17:01:35 - [TEST_STEP][PASSED] - setText(findTestObject("Sign Up Page - Brick/emailField"), "aisyah@gmail.c"): Text 'aisyah@gmail.c' is set on object 'Object Repository/Sign Up Page - Brick/emailField'

2021-10-30 17:01:36 - [MESSAGE][PASSED] - Text 'aisyah@gmail.c' is set on object 'Object Repository/Sign Up Page - Brick/emailField'

2021-10-30 17:01:36 - [TEST_STEP][PASSED] - click(findTestObject("Sign Up Page - Brick/errorEmail")): Object: 'Object Repository/Sign Up Page - Brick/errorEmail' is clicked on

2021-10-30 17:01:37 - [MESSAGE][PASSED] - Object: 'Object Repository/Sign Up Page - Brick/errorEmail' is clicked on

2021-10-30 17:01:37 - [TEST_STEP][PASSED] - setText(findTestObject("Sign Up Page - Brick/emailField"), "aisyah@gmail.com"): Text 'aisyah@gmail.com' is set on object 'Object Repository/Sign Up Page - Brick/emailField'

2021-10-30 17:01:38 - [MESSAGE][PASSED] - Text 'aisyah@gmail.com' is set on object 'Object Repository/Sign Up Page - Brick/emailField'

2021-10-30 17:01:38 - [TEST_STEP][PASSED] - setText(findTestObject("Sign Up Page - Brick/phoneNumberField"), "+6282643767"): Text '+6282643767' is set on object 'Object Repository/Sign Up Page - Brick/phoneNumberField'

2021-10-30 17:01:39 - [MESSAGE][PASSED] - Text '+6282643767' is set on object 'Object Repository/Sign Up Page - Brick/phoneNumberField'

2021-10-30 17:01:39 - [TEST_STEP][PASSED] - setText(findTestObject("Sign Up Page - Brick/addressField"), "sawangan"): Text 'sawangan' is set on object 'Object Repository/Sign Up Page - Brick/addressField'

2021-10-30 17:01:39 - [MESSAGE][PASSED] - Text 'sawangan' is set on object 'Object Repository/Sign Up Page - Brick/addressField'

2021-10-30 17:01:39 - [TEST_STEP][PASSED] - setEncryptedText(findTestObject("Sign Up Page - Brick/passField"), "NOZHw6sL/1I="): Text ****** has been set on object 'Object Repository/Sign Up Page - Brick/passField'

2021-10-30 17:01:40 - [MESSAGE][PASSED] - Text ****** has been set on object 'Object Repository/Sign Up Page - Brick/passField'

2021-10-30 17:01:40 - [TEST_STEP][PASSED] - verifyElementVisible(findTestObject("Sign Up Page - Brick/errorPass"), CONTINUE_ON_FAILURE): Object 'Object Repository/Sign Up Page - Brick/errorPass' is visible

2021-10-30 17:01:40 - [MESSAGE][PASSED] - Object 'Object Repository/Sign Up Page - Brick/errorPass' is visible

2021-10-30 17:01:40 - [TEST_STEP][PASSED] - setEncryptedText(findTestObject("Sign Up Page - Brick/passField"), "8SQVv/p9jVScEs4/2CZsLw=="): Text ****** has been set on object 'Object Repository/Sign Up Page - Brick/passField'

2021-10-30 17:01:41 - [MESSAGE][PASSED] - Text ****** has been set on object 'Object Repository/Sign Up Page - Brick/passField'

2021-10-30 17:01:41 - [TEST_STEP][PASSED] - setEncryptedText(findTestObject("Sign Up Page - Brick/confirmPassField"), "NOZHw6sL/1I="): Text ****** has been set on object 'Object Repository/Sign Up Page - Brick/confirmPassField'

2021-10-30 17:01:41 - [MESSAGE][PASSED] - Text ****** has been set on object 'Object Repository/Sign Up Page - Brick/confirmPassField'

2021-10-30 17:01:41 - [TEST_STEP][PASSED] - click(findTestObject("Sign Up Page - Brick/registerBtn")): Object: 'Object Repository/Sign Up Page - Brick/registerBtn' is clicked on

2021-10-30 17:01:42 - [MESSAGE][PASSED] - Object: 'Object Repository/Sign Up Page - Brick/registerBtn' is clicked on

2021-10-30 17:01:42 - [TEST_STEP][PASSED] - verifyElementVisible(findTestObject("Sign Up Page - Brick/errorConfirmPass"), CONTINUE_ON_FAILURE): Object 'Object Repository/Sign Up Page - Brick/errorConfirmPass' is visible

2021-10-30 17:01:42 - [MESSAGE][PASSED] - Object 'Object Repository/Sign Up Page - Brick/errorConfirmPass' is visible

2021-10-30 17:01:42 - [TEST_STEP][PASSED] - closeBrowser(): Browser is closed

2021-10-30 17:01:43 - [MESSAGE][PASSED] - Browser is closed]]></system-out>
         <system-err><![CDATA[]]></system-err>
      </testcase>
      <testcase name="Test Cases/Sign Up Brick - Success" time="13.5" classname="Test Cases/Sign Up Brick - Success" status="PASSED">
         <system-out><![CDATA[2021-10-30 17:01:43 - [TEST_CASE][PASSED] - Test Cases/Sign Up Brick - Success: Test Cases/Sign Up Brick - Success

2021-10-30 17:01:43 - [TEST_STEP][PASSED] - openBrowser(""): Browser is opened with url: ''

2021-10-30 17:01:43 - [MESSAGE][INFO] - Starting 'Chrome' driver

2021-10-30 17:01:43 - [MESSAGE][INFO] - Action delay is set to 0 milliseconds

2021-10-30 17:01:45 - [MESSAGE][PASSED] - Browser is opened with url: ''

2021-10-30 17:01:45 - [TEST_STEP][PASSED] - navigateToUrl(url): Navigate to 'https://brick-qa-assignment.herokuapp.com/' successfully

2021-10-30 17:01:48 - [MESSAGE][PASSED] - Navigate to 'https://brick-qa-assignment.herokuapp.com/' successfully

2021-10-30 17:01:48 - [TEST_STEP][PASSED] - setText(findTestObject("Sign Up Page - Brick/firstNameField"), "Aisyah"): Text 'Aisyah' is set on object 'Object Repository/Sign Up Page - Brick/firstNameField'

2021-10-30 17:01:49 - [MESSAGE][PASSED] - Text 'Aisyah' is set on object 'Object Repository/Sign Up Page - Brick/firstNameField'

2021-10-30 17:01:49 - [TEST_STEP][PASSED] - setText(findTestObject("Sign Up Page - Brick/lastNameField"), "Syahidah"): Text 'Syahidah' is set on object 'Object Repository/Sign Up Page - Brick/lastNameField'

2021-10-30 17:01:50 - [MESSAGE][PASSED] - Text 'Syahidah' is set on object 'Object Repository/Sign Up Page - Brick/lastNameField'

2021-10-30 17:01:50 - [TEST_STEP][PASSED] - randomMail = "testingauto" + RandomStringUtils.randomAlphanumeric(2) + "@mymail.com": null

2021-10-30 17:01:50 - [TEST_STEP][PASSED] - map.put("email", randomMail): null

2021-10-30 17:01:50 - [TEST_STEP][PASSED] - setText(findTestObject("Sign Up Page - Brick/emailField"), randomMail): Text 'testingautoVj@mymail.com' is set on object 'Object Repository/Sign Up Page - Brick/emailField'

2021-10-30 17:01:50 - [MESSAGE][PASSED] - Text 'testingautoVj@mymail.com' is set on object 'Object Repository/Sign Up Page - Brick/emailField'

2021-10-30 17:01:50 - [TEST_STEP][PASSED] - setText(findTestObject("Sign Up Page - Brick/phoneNumberField"), "+6285747026"): Text '+6285747026' is set on object 'Object Repository/Sign Up Page - Brick/phoneNumberField'

2021-10-30 17:01:52 - [MESSAGE][PASSED] - Text '+6285747026' is set on object 'Object Repository/Sign Up Page - Brick/phoneNumberField'

2021-10-30 17:01:52 - [TEST_STEP][PASSED] - setText(findTestObject("Sign Up Page - Brick/addressField"), "sawangan"): Text 'sawangan' is set on object 'Object Repository/Sign Up Page - Brick/addressField'

2021-10-30 17:01:52 - [MESSAGE][PASSED] - Text 'sawangan' is set on object 'Object Repository/Sign Up Page - Brick/addressField'

2021-10-30 17:01:52 - [TEST_STEP][PASSED] - password = "8SQVv/p9jVScEs4/2CZsLw==": null

2021-10-30 17:01:52 - [TEST_STEP][PASSED] - map.put("password", password): null

2021-10-30 17:01:52 - [TEST_STEP][PASSED] - setEncryptedText(findTestObject("Sign Up Page - Brick/passField"), password): Text ****** has been set on object 'Object Repository/Sign Up Page - Brick/passField'

2021-10-30 17:01:53 - [MESSAGE][PASSED] - Text ****** has been set on object 'Object Repository/Sign Up Page - Brick/passField'

2021-10-30 17:01:53 - [TEST_STEP][PASSED] - setEncryptedText(findTestObject("Sign Up Page - Brick/confirmPassField"), password): Text ****** has been set on object 'Object Repository/Sign Up Page - Brick/confirmPassField'

2021-10-30 17:01:53 - [MESSAGE][PASSED] - Text ****** has been set on object 'Object Repository/Sign Up Page - Brick/confirmPassField'

2021-10-30 17:01:53 - [TEST_STEP][PASSED] - click(findTestObject("Sign Up Page - Brick/registerBtn")): Object: 'Object Repository/Sign Up Page - Brick/registerBtn' is clicked on

2021-10-30 17:01:55 - [MESSAGE][PASSED] - Object: 'Object Repository/Sign Up Page - Brick/registerBtn' is clicked on

2021-10-30 17:01:55 - [TEST_STEP][PASSED] - verifyEqual(getText(findTestObject("Sign Up Page - Brick/successMsg")), "Success"): Actual object 'Success' and expected object 'Success' are equal

2021-10-30 17:01:55 - [MESSAGE][PASSED] - Text of object 'Object Repository/Sign Up Page - Brick/successMsg' is: 'Success'

2021-10-30 17:01:55 - [MESSAGE][PASSED] - Actual object 'Success' and expected object 'Success' are equal

2021-10-30 17:01:55 - [TEST_STEP][PASSED] - verifyElementVisible(findTestObject("Sign Up Page - Brick/checkEmailNotice")): Object 'Object Repository/Sign Up Page - Brick/checkEmailNotice' is visible

2021-10-30 17:01:56 - [MESSAGE][PASSED] - Object 'Object Repository/Sign Up Page - Brick/checkEmailNotice' is visible

2021-10-30 17:01:56 - [TEST_STEP][PASSED] - click(findTestObject("Sign Up Page - Brick/okBtn")): Object: 'Object Repository/Sign Up Page - Brick/okBtn' is clicked on

2021-10-30 17:01:56 - [MESSAGE][PASSED] - Object: 'Object Repository/Sign Up Page - Brick/okBtn' is clicked on

2021-10-30 17:01:56 - [TEST_STEP][PASSED] - closeBrowser(): Browser is closed

2021-10-30 17:01:57 - [MESSAGE][PASSED] - Browser is closed]]></system-out>
         <system-err><![CDATA[]]></system-err>
      </testcase>
      <testcase name="Test Cases/Sign Up Brick - Error Email" time="12.193" classname="Test Cases/Sign Up Brick - Error Email" status="PASSED">
         <system-out><![CDATA[2021-10-30 17:01:57 - [TEST_CASE][PASSED] - Test Cases/Sign Up Brick - Error Email: Test Cases/Sign Up Brick - Error Email

2021-10-30 17:01:57 - [TEST_STEP][PASSED] - openBrowser(""): Browser is opened with url: ''

2021-10-30 17:01:57 - [MESSAGE][INFO] - Starting 'Chrome' driver

2021-10-30 17:01:57 - [MESSAGE][INFO] - Action delay is set to 0 milliseconds

2021-10-30 17:01:58 - [MESSAGE][PASSED] - Browser is opened with url: ''

2021-10-30 17:01:58 - [TEST_STEP][PASSED] - navigateToUrl(url): Navigate to 'https://brick-qa-assignment.herokuapp.com/' successfully

2021-10-30 17:02:01 - [MESSAGE][PASSED] - Navigate to 'https://brick-qa-assignment.herokuapp.com/' successfully

2021-10-30 17:02:01 - [TEST_STEP][PASSED] - setText(findTestObject("Sign Up Page - Brick/firstNameField"), "aisyah"): Text 'aisyah' is set on object 'Object Repository/Sign Up Page - Brick/firstNameField'

2021-10-30 17:02:02 - [MESSAGE][PASSED] - Text 'aisyah' is set on object 'Object Repository/Sign Up Page - Brick/firstNameField'

2021-10-30 17:02:02 - [TEST_STEP][PASSED] - setText(findTestObject("Sign Up Page - Brick/lastNameField"), "syahidah"): Text 'syahidah' is set on object 'Object Repository/Sign Up Page - Brick/lastNameField'

2021-10-30 17:02:03 - [MESSAGE][PASSED] - Text 'syahidah' is set on object 'Object Repository/Sign Up Page - Brick/lastNameField'

2021-10-30 17:02:03 - [TEST_STEP][PASSED] - setText(findTestObject("Sign Up Page - Brick/emailField"), map.get("email")): Text 'testingautoVj@mymail.com' is set on object 'Object Repository/Sign Up Page - Brick/emailField'

2021-10-30 17:02:04 - [MESSAGE][PASSED] - Text 'testingautoVj@mymail.com' is set on object 'Object Repository/Sign Up Page - Brick/emailField'

2021-10-30 17:02:04 - [TEST_STEP][PASSED] - setText(findTestObject("Sign Up Page - Brick/phoneNumberField"), "+62826532"): Text '+62826532' is set on object 'Object Repository/Sign Up Page - Brick/phoneNumberField'

2021-10-30 17:02:05 - [MESSAGE][PASSED] - Text '+62826532' is set on object 'Object Repository/Sign Up Page - Brick/phoneNumberField'

2021-10-30 17:02:05 - [TEST_STEP][PASSED] - setEncryptedText(findTestObject("Sign Up Page - Brick/passField"), "p4y+y39Ir5MSxNs1t5lTZQ=="): Text ****** has been set on object 'Object Repository/Sign Up Page - Brick/passField'

2021-10-30 17:02:05 - [MESSAGE][PASSED] - Text ****** has been set on object 'Object Repository/Sign Up Page - Brick/passField'

2021-10-30 17:02:05 - [TEST_STEP][PASSED] - setEncryptedText(findTestObject("Sign Up Page - Brick/confirmPassField"), "p4y+y39Ir5MSxNs1t5lTZQ=="): Text ****** has been set on object 'Object Repository/Sign Up Page - Brick/confirmPassField'

2021-10-30 17:02:06 - [MESSAGE][PASSED] - Text ****** has been set on object 'Object Repository/Sign Up Page - Brick/confirmPassField'

2021-10-30 17:02:06 - [TEST_STEP][PASSED] - click(findTestObject("Sign Up Page - Brick/registerBtn")): Object: 'Object Repository/Sign Up Page - Brick/registerBtn' is clicked on

2021-10-30 17:02:07 - [MESSAGE][PASSED] - Object: 'Object Repository/Sign Up Page - Brick/registerBtn' is clicked on

2021-10-30 17:02:07 - [TEST_STEP][PASSED] - verifyEqual(getText(findTestObject("Sign Up Page - Brick/errorMsg")), "Error"): Actual object 'Error' and expected object 'Error' are equal

2021-10-30 17:02:07 - [MESSAGE][PASSED] - Text of object 'Object Repository/Sign Up Page - Brick/errorMsg' is: 'Error'

2021-10-30 17:02:07 - [MESSAGE][PASSED] - Actual object 'Error' and expected object 'Error' are equal

2021-10-30 17:02:07 - [TEST_STEP][PASSED] - verifyElementVisible(findTestObject("Sign Up Page - Brick/emailNotice")): Object 'Object Repository/Sign Up Page - Brick/emailNotice' is visible

2021-10-30 17:02:08 - [MESSAGE][PASSED] - Object 'Object Repository/Sign Up Page - Brick/emailNotice' is visible

2021-10-30 17:02:08 - [TEST_STEP][PASSED] - click(findTestObject("Sign Up Page - Brick/okBtn")): Object: 'Object Repository/Sign Up Page - Brick/okBtn' is clicked on

2021-10-30 17:02:08 - [MESSAGE][PASSED] - Object: 'Object Repository/Sign Up Page - Brick/okBtn' is clicked on

2021-10-30 17:02:08 - [TEST_STEP][PASSED] - closeBrowser(): Browser is closed

2021-10-30 17:02:09 - [MESSAGE][PASSED] - Browser is closed]]></system-out>
         <system-err><![CDATA[]]></system-err>
      </testcase>
      <testcase name="Test Cases/Login Brick - Failed" time="12.394" classname="Test Cases/Login Brick - Failed" status="PASSED">
         <system-out><![CDATA[2021-10-30 17:02:09 - [TEST_CASE][PASSED] - Test Cases/Login Brick - Failed: Test Cases/Login Brick - Failed

2021-10-30 17:02:09 - [TEST_STEP][PASSED] - openBrowser(""): Browser is opened with url: ''

2021-10-30 17:02:09 - [MESSAGE][INFO] - Starting 'Chrome' driver

2021-10-30 17:02:09 - [MESSAGE][INFO] - Action delay is set to 0 milliseconds

2021-10-30 17:02:11 - [MESSAGE][PASSED] - Browser is opened with url: ''

2021-10-30 17:02:11 - [TEST_STEP][PASSED] - navigateToUrl(url): Navigate to 'https://brick-qa-assignment.herokuapp.com/' successfully

2021-10-30 17:02:16 - [MESSAGE][PASSED] - Navigate to 'https://brick-qa-assignment.herokuapp.com/' successfully

2021-10-30 17:02:16 - [TEST_STEP][PASSED] - click(findTestObject("Sign Up Page - Brick/loginLink")): Object: 'Object Repository/Sign Up Page - Brick/loginLink' is clicked on

2021-10-30 17:02:17 - [MESSAGE][PASSED] - Object: 'Object Repository/Sign Up Page - Brick/loginLink' is clicked on

2021-10-30 17:02:17 - [TEST_STEP][PASSED] - setText(findTestObject("Page_Login/emailField"), map.get("email")): Text 'testingautoVj@mymail.com' is set on object 'Object Repository/Page_Login/emailField'

2021-10-30 17:02:18 - [MESSAGE][PASSED] - Text 'testingautoVj@mymail.com' is set on object 'Object Repository/Page_Login/emailField'

2021-10-30 17:02:18 - [TEST_STEP][PASSED] - setEncryptedText(findTestObject("Page_Login/passField"), "p4y+y39Ir5MSxNs1t5lTZQ=="): Text ****** has been set on object 'Object Repository/Page_Login/passField'

2021-10-30 17:02:19 - [MESSAGE][PASSED] - Text ****** has been set on object 'Object Repository/Page_Login/passField'

2021-10-30 17:02:19 - [TEST_STEP][PASSED] - click(findTestObject("Page_Login/loginBtn")): Object: 'Object Repository/Page_Login/loginBtn' is clicked on

2021-10-30 17:02:20 - [MESSAGE][PASSED] - Object: 'Object Repository/Page_Login/loginBtn' is clicked on

2021-10-30 17:02:20 - [TEST_STEP][PASSED] - verifyEqual(getText(findTestObject("Page_Login/errorSuccessMsg")), "Error"): Actual object 'Error' and expected object 'Error' are equal

2021-10-30 17:02:20 - [MESSAGE][PASSED] - Text of object 'Object Repository/Page_Login/errorSuccessMsg' is: 'Error'

2021-10-30 17:02:20 - [MESSAGE][PASSED] - Actual object 'Error' and expected object 'Error' are equal

2021-10-30 17:02:20 - [TEST_STEP][PASSED] - verifyElementVisible(findTestObject("Page_Login/wrongNotice")): Object 'Object Repository/Page_Login/wrongNotice' is visible

2021-10-30 17:02:21 - [MESSAGE][PASSED] - Object 'Object Repository/Page_Login/wrongNotice' is visible

2021-10-30 17:02:21 - [TEST_STEP][PASSED] - click(findTestObject("Page_Login/okBtn")): Object: 'Object Repository/Page_Login/okBtn' is clicked on

2021-10-30 17:02:21 - [MESSAGE][PASSED] - Object: 'Object Repository/Page_Login/okBtn' is clicked on]]></system-out>
         <system-err><![CDATA[]]></system-err>
      </testcase>
      <testcase name="Test Cases/Login Brick - Success" time="15.954" classname="Test Cases/Login Brick - Success" status="PASSED">
         <system-out><![CDATA[2021-10-30 17:02:21 - [TEST_CASE][PASSED] - Test Cases/Login Brick - Success: Test Cases/Login Brick - Success

2021-10-30 17:02:22 - [TEST_STEP][PASSED] - openBrowser(""): Browser is opened with url: ''

2021-10-30 17:02:22 - [MESSAGE][WARNING] - A browser is already opened. Closing browser and opening a new one

2021-10-30 17:02:22 - [MESSAGE][INFO] - Starting 'Chrome' driver

2021-10-30 17:02:22 - [MESSAGE][INFO] - Action delay is set to 0 milliseconds

2021-10-30 17:02:24 - [MESSAGE][PASSED] - Browser is opened with url: ''

2021-10-30 17:02:24 - [TEST_STEP][PASSED] - navigateToUrl(url): Navigate to 'https://brick-qa-assignment.herokuapp.com/' successfully

2021-10-30 17:02:27 - [MESSAGE][PASSED] - Navigate to 'https://brick-qa-assignment.herokuapp.com/' successfully

2021-10-30 17:02:27 - [TEST_STEP][PASSED] - click(findTestObject("Sign Up Page - Brick/loginLink")): Object: 'Object Repository/Sign Up Page - Brick/loginLink' is clicked on

2021-10-30 17:02:29 - [MESSAGE][PASSED] - Object: 'Object Repository/Sign Up Page - Brick/loginLink' is clicked on

2021-10-30 17:02:29 - [TEST_STEP][PASSED] - setText(findTestObject("Page_Login/emailField"), map.get("email")): Text 'testingautoVj@mymail.com' is set on object 'Object Repository/Page_Login/emailField'

2021-10-30 17:02:30 - [MESSAGE][PASSED] - Text 'testingautoVj@mymail.com' is set on object 'Object Repository/Page_Login/emailField'

2021-10-30 17:02:30 - [TEST_STEP][PASSED] - setEncryptedText(findTestObject("Page_Login/passField"), map.get("password")): Text ****** has been set on object 'Object Repository/Page_Login/passField'

2021-10-30 17:02:31 - [MESSAGE][PASSED] - Text ****** has been set on object 'Object Repository/Page_Login/passField'

2021-10-30 17:02:31 - [TEST_STEP][PASSED] - click(findTestObject("Page_Login/loginBtn")): Object: 'Object Repository/Page_Login/loginBtn' is clicked on

2021-10-30 17:02:34 - [MESSAGE][PASSED] - Object: 'Object Repository/Page_Login/loginBtn' is clicked on

2021-10-30 17:02:34 - [TEST_STEP][PASSED] - verifyEqual(getText(findTestObject("Page_Login/errorSuccessMsg")), "Success"): Actual object 'Success' and expected object 'Success' are equal

2021-10-30 17:02:35 - [MESSAGE][PASSED] - Text of object 'Object Repository/Page_Login/errorSuccessMsg' is: 'Success'

2021-10-30 17:02:35 - [MESSAGE][PASSED] - Actual object 'Success' and expected object 'Success' are equal

2021-10-30 17:02:35 - [TEST_STEP][PASSED] - verifyElementVisible(findTestObject("Page_Login/wrongNotice")): Object 'Object Repository/Page_Login/wrongNotice' is visible

2021-10-30 17:02:35 - [MESSAGE][PASSED] - Object 'Object Repository/Page_Login/wrongNotice' is visible

2021-10-30 17:02:35 - [TEST_STEP][PASSED] - click(findTestObject("Page_Login/okBtn")): Object: 'Object Repository/Page_Login/okBtn' is clicked on

2021-10-30 17:02:35 - [MESSAGE][PASSED] - Object: 'Object Repository/Page_Login/okBtn' is clicked on

2021-10-30 17:02:35 - [TEST_STEP][PASSED] - verifyElementVisible(findTestObject("Page_Brick Dashboard/logoutLink")): Object 'Object Repository/Page_Brick Dashboard/logoutLink' is visible

2021-10-30 17:02:36 - [MESSAGE][PASSED] - Object 'Object Repository/Page_Brick Dashboard/logoutLink' is visible

2021-10-30 17:02:36 - [TEST_STEP][PASSED] - click(findTestObject("Page_Brick Dashboard/logoutLink")): Object: 'Object Repository/Page_Brick Dashboard/logoutLink' is clicked on

2021-10-30 17:02:37 - [MESSAGE][PASSED] - Object: 'Object Repository/Page_Brick Dashboard/logoutLink' is clicked on]]></system-out>
         <system-err><![CDATA[]]></system-err>
      </testcase>
      <system-out><![CDATA[2021-10-30 17:01:22 - [TEST_SUITE][PASSED] - Authentication: Test Cases/Login Brick - Success]]></system-out>
      <system-err><![CDATA[]]></system-err>
   </testsuite>
</testsuites>
