<?xml version="1.0" encoding="UTF-8"?>
<testsuites name="Authentication" time="73.888" tests="5" failures="0" errors="0">
   <testsuite name="Authentication" tests="5" failures="0" errors="0" time="73.888" skipped="0" timestamp="2021-10-30 17:36:25" hostname="Asus - DESKTOP-EQE6D2I" id="Test Suites/Authentication">
      <properties>
         <property name="deviceName" value=""/>
         <property name="devicePlatform" value=""/>
         <property name="logFolder" value="C:\\Users\\Asus\\Katalon Studio\\first project\\Reports\\20211030_173609\\Authentication\\20211030_173609"/>
         <property name="logFiles" value="C:\\Users\\Asus\\Katalon Studio\\first project\\Reports\\20211030_173609\\Authentication\\20211030_173609\\execution0.log"/>
         <property name="attachments" value=""/>
         <property name="hostName" value="Asus - DESKTOP-EQE6D2I"/>
         <property name="os" value="Windows 10 64bit"/>
         <property name="katalonVersion" value="8.1.0.208"/>
         <property name="browser" value="Chrome 95.0.4638.54"/>
         <property name="hostAddress" value="192.168.203.44"/>
         <property name="sessionId" value="dfd6d5c1be69011abb39102349056d7b"/>
         <property name="seleniumVersion" value="3.141.59"/>
         <property name="proxyInformation" value="ProxyInformation { proxyOption=NO_PROXY, proxyServerType=HTTP, username=, password=********, proxyServerAddress=, proxyServerPort=0, executionList=&quot;&quot;, isApplyToDesiredCapabilities=true }"/>
         <property name="platform" value="Windows 10"/>
      </properties>
      <testcase name="Test Cases/Sign Up Brick - Failed" time="21.596" classname="Test Cases/Sign Up Brick - Failed" status="PASSED">
         <system-out><![CDATA[2021-10-30 17:36:25 - [TEST_CASE][PASSED] - Test Cases/Sign Up Brick - Failed: Test Cases/Sign Up Brick - Failed

2021-10-30 17:36:25 - [TEST_STEP][PASSED] - openBrowser(""): Browser is opened with url: ''

2021-10-30 17:36:26 - [MESSAGE][INFO] - Starting 'Chrome' driver

2021-10-30 17:36:26 - [MESSAGE][INFO] - Action delay is set to 0 milliseconds

2021-10-30 17:36:29 - [MESSAGE][PASSED] - Browser is opened with url: ''

2021-10-30 17:36:29 - [TEST_STEP][PASSED] - navigateToUrl(url): Navigate to 'https://brick-qa-assignment.herokuapp.com/' successfully

2021-10-30 17:36:33 - [MESSAGE][PASSED] - Navigate to 'https://brick-qa-assignment.herokuapp.com/' successfully

2021-10-30 17:36:33 - [TEST_STEP][PASSED] - click(findTestObject("Sign Up Page - Brick/registerBtn")): Object: 'Object Repository/Sign Up Page - Brick/registerBtn' is clicked on

2021-10-30 17:36:34 - [MESSAGE][PASSED] - Object: 'Object Repository/Sign Up Page - Brick/registerBtn' is clicked on

2021-10-30 17:36:34 - [TEST_STEP][PASSED] - verifyElementVisible(findTestObject("Sign Up Page - Brick/errorFirstName"), CONTINUE_ON_FAILURE): Object 'Object Repository/Sign Up Page - Brick/errorFirstName' is visible

2021-10-30 17:36:34 - [MESSAGE][PASSED] - Object 'Object Repository/Sign Up Page - Brick/errorFirstName' is visible

2021-10-30 17:36:34 - [TEST_STEP][PASSED] - verifyElementVisible(findTestObject("Sign Up Page - Brick/errorLastName"), CONTINUE_ON_FAILURE): Object 'Object Repository/Sign Up Page - Brick/errorLastName' is visible

2021-10-30 17:36:35 - [MESSAGE][PASSED] - Object 'Object Repository/Sign Up Page - Brick/errorLastName' is visible

2021-10-30 17:36:35 - [TEST_STEP][PASSED] - verifyElementVisible(findTestObject("Sign Up Page - Brick/errorEmail"), CONTINUE_ON_FAILURE): Object 'Object Repository/Sign Up Page - Brick/errorEmail' is visible

2021-10-30 17:36:35 - [MESSAGE][PASSED] - Object 'Object Repository/Sign Up Page - Brick/errorEmail' is visible

2021-10-30 17:36:35 - [TEST_STEP][PASSED] - verifyElementVisible(findTestObject("Sign Up Page - Brick/errorPass"), CONTINUE_ON_FAILURE): Object 'Object Repository/Sign Up Page - Brick/errorPass' is visible

2021-10-30 17:36:36 - [MESSAGE][PASSED] - Object 'Object Repository/Sign Up Page - Brick/errorPass' is visible

2021-10-30 17:36:36 - [TEST_STEP][PASSED] - verifyElementVisible(findTestObject("Sign Up Page - Brick/errorConfirmPass"), CONTINUE_ON_FAILURE): Object 'Object Repository/Sign Up Page - Brick/errorConfirmPass' is visible

2021-10-30 17:36:36 - [MESSAGE][PASSED] - Object 'Object Repository/Sign Up Page - Brick/errorConfirmPass' is visible

2021-10-30 17:36:36 - [TEST_STEP][PASSED] - setText(findTestObject("Sign Up Page - Brick/firstNameField"), "aisyah"): Text 'aisyah' is set on object 'Object Repository/Sign Up Page - Brick/firstNameField'

2021-10-30 17:36:37 - [MESSAGE][PASSED] - Text 'aisyah' is set on object 'Object Repository/Sign Up Page - Brick/firstNameField'

2021-10-30 17:36:37 - [TEST_STEP][PASSED] - setText(findTestObject("Sign Up Page - Brick/lastNameField"), "syahidah"): Text 'syahidah' is set on object 'Object Repository/Sign Up Page - Brick/lastNameField'

2021-10-30 17:36:37 - [MESSAGE][PASSED] - Text 'syahidah' is set on object 'Object Repository/Sign Up Page - Brick/lastNameField'

2021-10-30 17:36:37 - [TEST_STEP][PASSED] - setText(findTestObject("Sign Up Page - Brick/emailField"), "aisyah87$%@gmail.com"): Text 'aisyah87$%@gmail.com' is set on object 'Object Repository/Sign Up Page - Brick/emailField'

2021-10-30 17:36:38 - [MESSAGE][PASSED] - Text 'aisyah87$%@gmail.com' is set on object 'Object Repository/Sign Up Page - Brick/emailField'

2021-10-30 17:36:38 - [TEST_STEP][PASSED] - click(findTestObject("Sign Up Page - Brick/errorEmail")): Object: 'Object Repository/Sign Up Page - Brick/errorEmail' is clicked on

2021-10-30 17:36:39 - [MESSAGE][PASSED] - Object: 'Object Repository/Sign Up Page - Brick/errorEmail' is clicked on

2021-10-30 17:36:39 - [TEST_STEP][PASSED] - setText(findTestObject("Sign Up Page - Brick/emailField"), "aisyah@gmail.c"): Text 'aisyah@gmail.c' is set on object 'Object Repository/Sign Up Page - Brick/emailField'

2021-10-30 17:36:40 - [MESSAGE][PASSED] - Text 'aisyah@gmail.c' is set on object 'Object Repository/Sign Up Page - Brick/emailField'

2021-10-30 17:36:40 - [TEST_STEP][PASSED] - click(findTestObject("Sign Up Page - Brick/errorEmail")): Object: 'Object Repository/Sign Up Page - Brick/errorEmail' is clicked on

2021-10-30 17:36:40 - [MESSAGE][PASSED] - Object: 'Object Repository/Sign Up Page - Brick/errorEmail' is clicked on

2021-10-30 17:36:40 - [TEST_STEP][PASSED] - setText(findTestObject("Sign Up Page - Brick/emailField"), "aisyah@gmail.com"): Text 'aisyah@gmail.com' is set on object 'Object Repository/Sign Up Page - Brick/emailField'

2021-10-30 17:36:41 - [MESSAGE][PASSED] - Text 'aisyah@gmail.com' is set on object 'Object Repository/Sign Up Page - Brick/emailField'

2021-10-30 17:36:41 - [TEST_STEP][PASSED] - setText(findTestObject("Sign Up Page - Brick/phoneNumberField"), "+6282643767"): Text '+6282643767' is set on object 'Object Repository/Sign Up Page - Brick/phoneNumberField'

2021-10-30 17:36:42 - [MESSAGE][PASSED] - Text '+6282643767' is set on object 'Object Repository/Sign Up Page - Brick/phoneNumberField'

2021-10-30 17:36:42 - [TEST_STEP][PASSED] - setText(findTestObject("Sign Up Page - Brick/addressField"), "sawangan"): Text 'sawangan' is set on object 'Object Repository/Sign Up Page - Brick/addressField'

2021-10-30 17:36:43 - [MESSAGE][PASSED] - Text 'sawangan' is set on object 'Object Repository/Sign Up Page - Brick/addressField'

2021-10-30 17:36:43 - [TEST_STEP][PASSED] - setEncryptedText(findTestObject("Sign Up Page - Brick/passField"), "NOZHw6sL/1I="): Text ****** has been set on object 'Object Repository/Sign Up Page - Brick/passField'

2021-10-30 17:36:43 - [MESSAGE][PASSED] - Text ****** has been set on object 'Object Repository/Sign Up Page - Brick/passField'

2021-10-30 17:36:43 - [TEST_STEP][PASSED] - verifyElementVisible(findTestObject("Sign Up Page - Brick/errorPass"), CONTINUE_ON_FAILURE): Object 'Object Repository/Sign Up Page - Brick/errorPass' is visible

2021-10-30 17:36:44 - [MESSAGE][PASSED] - Object 'Object Repository/Sign Up Page - Brick/errorPass' is visible

2021-10-30 17:36:44 - [TEST_STEP][PASSED] - setEncryptedText(findTestObject("Sign Up Page - Brick/passField"), "8SQVv/p9jVScEs4/2CZsLw=="): Text ****** has been set on object 'Object Repository/Sign Up Page - Brick/passField'

2021-10-30 17:36:44 - [MESSAGE][PASSED] - Text ****** has been set on object 'Object Repository/Sign Up Page - Brick/passField'

2021-10-30 17:36:44 - [TEST_STEP][PASSED] - setEncryptedText(findTestObject("Sign Up Page - Brick/confirmPassField"), "NOZHw6sL/1I="): Text ****** has been set on object 'Object Repository/Sign Up Page - Brick/confirmPassField'

2021-10-30 17:36:45 - [MESSAGE][PASSED] - Text ****** has been set on object 'Object Repository/Sign Up Page - Brick/confirmPassField'

2021-10-30 17:36:45 - [TEST_STEP][PASSED] - click(findTestObject("Sign Up Page - Brick/registerBtn")): Object: 'Object Repository/Sign Up Page - Brick/registerBtn' is clicked on

2021-10-30 17:36:45 - [MESSAGE][PASSED] - Object: 'Object Repository/Sign Up Page - Brick/registerBtn' is clicked on

2021-10-30 17:36:45 - [TEST_STEP][PASSED] - verifyElementVisible(findTestObject("Sign Up Page - Brick/errorConfirmPass"), CONTINUE_ON_FAILURE): Object 'Object Repository/Sign Up Page - Brick/errorConfirmPass' is visible

2021-10-30 17:36:46 - [MESSAGE][PASSED] - Object 'Object Repository/Sign Up Page - Brick/errorConfirmPass' is visible

2021-10-30 17:36:46 - [TEST_STEP][PASSED] - closeBrowser(): Browser is closed

2021-10-30 17:36:46 - [MESSAGE][PASSED] - Browser is closed]]></system-out>
         <system-err><![CDATA[]]></system-err>
      </testcase>
      <testcase name="Test Cases/Sign Up Brick - Success" time="13.216" classname="Test Cases/Sign Up Brick - Success" status="PASSED">
         <system-out><![CDATA[2021-10-30 17:36:47 - [TEST_CASE][PASSED] - Test Cases/Sign Up Brick - Success: Test Cases/Sign Up Brick - Success

2021-10-30 17:36:47 - [TEST_STEP][PASSED] - openBrowser(""): Browser is opened with url: ''

2021-10-30 17:36:47 - [MESSAGE][INFO] - Starting 'Chrome' driver

2021-10-30 17:36:47 - [MESSAGE][INFO] - Action delay is set to 0 milliseconds

2021-10-30 17:36:48 - [MESSAGE][PASSED] - Browser is opened with url: ''

2021-10-30 17:36:48 - [TEST_STEP][PASSED] - navigateToUrl(url): Navigate to 'https://brick-qa-assignment.herokuapp.com/' successfully

2021-10-30 17:36:51 - [MESSAGE][PASSED] - Navigate to 'https://brick-qa-assignment.herokuapp.com/' successfully

2021-10-30 17:36:51 - [TEST_STEP][PASSED] - setText(findTestObject("Sign Up Page - Brick/firstNameField"), "Aisyah"): Text 'Aisyah' is set on object 'Object Repository/Sign Up Page - Brick/firstNameField'

2021-10-30 17:36:52 - [MESSAGE][PASSED] - Text 'Aisyah' is set on object 'Object Repository/Sign Up Page - Brick/firstNameField'

2021-10-30 17:36:52 - [TEST_STEP][PASSED] - setText(findTestObject("Sign Up Page - Brick/lastNameField"), "Syahidah"): Text 'Syahidah' is set on object 'Object Repository/Sign Up Page - Brick/lastNameField'

2021-10-30 17:36:53 - [MESSAGE][PASSED] - Text 'Syahidah' is set on object 'Object Repository/Sign Up Page - Brick/lastNameField'

2021-10-30 17:36:53 - [TEST_STEP][PASSED] - randomMail = "testingauto" + RandomStringUtils.randomAlphanumeric(2) + "@mymail.com": null

2021-10-30 17:36:53 - [TEST_STEP][PASSED] - map.put("email", randomMail): null

2021-10-30 17:36:53 - [TEST_STEP][PASSED] - setText(findTestObject("Sign Up Page - Brick/emailField"), randomMail): Text 'testingautoyo@mymail.com' is set on object 'Object Repository/Sign Up Page - Brick/emailField'

2021-10-30 17:36:54 - [MESSAGE][PASSED] - Text 'testingautoyo@mymail.com' is set on object 'Object Repository/Sign Up Page - Brick/emailField'

2021-10-30 17:36:54 - [TEST_STEP][PASSED] - setText(findTestObject("Sign Up Page - Brick/phoneNumberField"), "+6285747026"): Text '+6285747026' is set on object 'Object Repository/Sign Up Page - Brick/phoneNumberField'

2021-10-30 17:36:55 - [MESSAGE][PASSED] - Text '+6285747026' is set on object 'Object Repository/Sign Up Page - Brick/phoneNumberField'

2021-10-30 17:36:55 - [TEST_STEP][PASSED] - setText(findTestObject("Sign Up Page - Brick/addressField"), "sawangan"): Text 'sawangan' is set on object 'Object Repository/Sign Up Page - Brick/addressField'

2021-10-30 17:36:55 - [MESSAGE][PASSED] - Text 'sawangan' is set on object 'Object Repository/Sign Up Page - Brick/addressField'

2021-10-30 17:36:55 - [TEST_STEP][PASSED] - password = "8SQVv/p9jVScEs4/2CZsLw==": null

2021-10-30 17:36:55 - [TEST_STEP][PASSED] - map.put("password", password): null

2021-10-30 17:36:55 - [TEST_STEP][PASSED] - setEncryptedText(findTestObject("Sign Up Page - Brick/passField"), password): Text ****** has been set on object 'Object Repository/Sign Up Page - Brick/passField'

2021-10-30 17:36:56 - [MESSAGE][PASSED] - Text ****** has been set on object 'Object Repository/Sign Up Page - Brick/passField'

2021-10-30 17:36:56 - [TEST_STEP][PASSED] - setEncryptedText(findTestObject("Sign Up Page - Brick/confirmPassField"), password): Text ****** has been set on object 'Object Repository/Sign Up Page - Brick/confirmPassField'

2021-10-30 17:36:57 - [MESSAGE][PASSED] - Text ****** has been set on object 'Object Repository/Sign Up Page - Brick/confirmPassField'

2021-10-30 17:36:57 - [TEST_STEP][PASSED] - click(findTestObject("Sign Up Page - Brick/registerBtn")): Object: 'Object Repository/Sign Up Page - Brick/registerBtn' is clicked on

2021-10-30 17:36:58 - [MESSAGE][PASSED] - Object: 'Object Repository/Sign Up Page - Brick/registerBtn' is clicked on

2021-10-30 17:36:58 - [TEST_STEP][PASSED] - verifyEqual(getText(findTestObject("Sign Up Page - Brick/successMsg")), "Success", CONTINUE_ON_FAILURE): Actual object 'Success' and expected object 'Success' are equal

2021-10-30 17:36:58 - [MESSAGE][PASSED] - Text of object 'Object Repository/Sign Up Page - Brick/successMsg' is: 'Success'

2021-10-30 17:36:58 - [MESSAGE][PASSED] - Actual object 'Success' and expected object 'Success' are equal

2021-10-30 17:36:58 - [TEST_STEP][PASSED] - verifyElementVisible(findTestObject("Sign Up Page - Brick/checkEmailNotice"), CONTINUE_ON_FAILURE): Object 'Object Repository/Sign Up Page - Brick/checkEmailNotice' is visible

2021-10-30 17:36:59 - [MESSAGE][PASSED] - Object 'Object Repository/Sign Up Page - Brick/checkEmailNotice' is visible

2021-10-30 17:36:59 - [TEST_STEP][PASSED] - click(findTestObject("Sign Up Page - Brick/okBtn")): Object: 'Object Repository/Sign Up Page - Brick/okBtn' is clicked on

2021-10-30 17:36:59 - [MESSAGE][PASSED] - Object: 'Object Repository/Sign Up Page - Brick/okBtn' is clicked on

2021-10-30 17:36:59 - [TEST_STEP][PASSED] - closeBrowser(): Browser is closed

2021-10-30 17:37:00 - [MESSAGE][PASSED] - Browser is closed]]></system-out>
         <system-err><![CDATA[]]></system-err>
      </testcase>
      <testcase name="Test Cases/Sign Up Brick - Error Email" time="13.762" classname="Test Cases/Sign Up Brick - Error Email" status="PASSED">
         <system-out><![CDATA[2021-10-30 17:37:00 - [TEST_CASE][PASSED] - Test Cases/Sign Up Brick - Error Email: Test Cases/Sign Up Brick - Error Email

2021-10-30 17:37:00 - [TEST_STEP][PASSED] - openBrowser(""): Browser is opened with url: ''

2021-10-30 17:37:00 - [MESSAGE][INFO] - Starting 'Chrome' driver

2021-10-30 17:37:00 - [MESSAGE][INFO] - Action delay is set to 0 milliseconds

2021-10-30 17:37:02 - [MESSAGE][PASSED] - Browser is opened with url: ''

2021-10-30 17:37:02 - [TEST_STEP][PASSED] - navigateToUrl(url): Navigate to 'https://brick-qa-assignment.herokuapp.com/' successfully

2021-10-30 17:37:06 - [MESSAGE][PASSED] - Navigate to 'https://brick-qa-assignment.herokuapp.com/' successfully

2021-10-30 17:37:06 - [TEST_STEP][PASSED] - setText(findTestObject("Sign Up Page - Brick/firstNameField"), "aisyah"): Text 'aisyah' is set on object 'Object Repository/Sign Up Page - Brick/firstNameField'

2021-10-30 17:37:07 - [MESSAGE][PASSED] - Text 'aisyah' is set on object 'Object Repository/Sign Up Page - Brick/firstNameField'

2021-10-30 17:37:07 - [TEST_STEP][PASSED] - setText(findTestObject("Sign Up Page - Brick/lastNameField"), "syahidah"): Text 'syahidah' is set on object 'Object Repository/Sign Up Page - Brick/lastNameField'

2021-10-30 17:37:07 - [MESSAGE][PASSED] - Text 'syahidah' is set on object 'Object Repository/Sign Up Page - Brick/lastNameField'

2021-10-30 17:37:07 - [TEST_STEP][PASSED] - setText(findTestObject("Sign Up Page - Brick/emailField"), map.get("email")): Text 'testingautoyo@mymail.com' is set on object 'Object Repository/Sign Up Page - Brick/emailField'

2021-10-30 17:37:08 - [MESSAGE][PASSED] - Text 'testingautoyo@mymail.com' is set on object 'Object Repository/Sign Up Page - Brick/emailField'

2021-10-30 17:37:08 - [TEST_STEP][PASSED] - setText(findTestObject("Sign Up Page - Brick/phoneNumberField"), "+62826532"): Text '+62826532' is set on object 'Object Repository/Sign Up Page - Brick/phoneNumberField'

2021-10-30 17:37:09 - [MESSAGE][PASSED] - Text '+62826532' is set on object 'Object Repository/Sign Up Page - Brick/phoneNumberField'

2021-10-30 17:37:09 - [TEST_STEP][PASSED] - setEncryptedText(findTestObject("Sign Up Page - Brick/passField"), "p4y+y39Ir5MSxNs1t5lTZQ=="): Text ****** has been set on object 'Object Repository/Sign Up Page - Brick/passField'

2021-10-30 17:37:10 - [MESSAGE][PASSED] - Text ****** has been set on object 'Object Repository/Sign Up Page - Brick/passField'

2021-10-30 17:37:10 - [TEST_STEP][PASSED] - setEncryptedText(findTestObject("Sign Up Page - Brick/confirmPassField"), "p4y+y39Ir5MSxNs1t5lTZQ=="): Text ****** has been set on object 'Object Repository/Sign Up Page - Brick/confirmPassField'

2021-10-30 17:37:10 - [MESSAGE][PASSED] - Text ****** has been set on object 'Object Repository/Sign Up Page - Brick/confirmPassField'

2021-10-30 17:37:10 - [TEST_STEP][PASSED] - click(findTestObject("Sign Up Page - Brick/registerBtn")): Object: 'Object Repository/Sign Up Page - Brick/registerBtn' is clicked on

2021-10-30 17:37:12 - [MESSAGE][PASSED] - Object: 'Object Repository/Sign Up Page - Brick/registerBtn' is clicked on

2021-10-30 17:37:12 - [TEST_STEP][PASSED] - verifyEqual(getText(findTestObject("Sign Up Page - Brick/errorMsg")), "Error", CONTINUE_ON_FAILURE): Actual object 'Error' and expected object 'Error' are equal

2021-10-30 17:37:12 - [MESSAGE][PASSED] - Text of object 'Object Repository/Sign Up Page - Brick/errorMsg' is: 'Error'

2021-10-30 17:37:12 - [MESSAGE][PASSED] - Actual object 'Error' and expected object 'Error' are equal

2021-10-30 17:37:12 - [TEST_STEP][PASSED] - verifyElementVisible(findTestObject("Sign Up Page - Brick/emailNotice"), CONTINUE_ON_FAILURE): Object 'Object Repository/Sign Up Page - Brick/emailNotice' is visible

2021-10-30 17:37:12 - [MESSAGE][PASSED] - Object 'Object Repository/Sign Up Page - Brick/emailNotice' is visible

2021-10-30 17:37:12 - [TEST_STEP][PASSED] - click(findTestObject("Sign Up Page - Brick/okBtn")): Object: 'Object Repository/Sign Up Page - Brick/okBtn' is clicked on

2021-10-30 17:37:13 - [MESSAGE][PASSED] - Object: 'Object Repository/Sign Up Page - Brick/okBtn' is clicked on

2021-10-30 17:37:13 - [TEST_STEP][PASSED] - closeBrowser(): Browser is closed

2021-10-30 17:37:13 - [MESSAGE][PASSED] - Browser is closed]]></system-out>
         <system-err><![CDATA[]]></system-err>
      </testcase>
      <testcase name="Test Cases/Login Brick - Failed" time="9.624" classname="Test Cases/Login Brick - Failed" status="PASSED">
         <system-out><![CDATA[2021-10-30 17:37:13 - [TEST_CASE][PASSED] - Test Cases/Login Brick - Failed: Test Cases/Login Brick - Failed

2021-10-30 17:37:14 - [TEST_STEP][PASSED] - openBrowser(""): Browser is opened with url: ''

2021-10-30 17:37:14 - [MESSAGE][INFO] - Starting 'Chrome' driver

2021-10-30 17:37:14 - [MESSAGE][INFO] - Action delay is set to 0 milliseconds

2021-10-30 17:37:15 - [MESSAGE][PASSED] - Browser is opened with url: ''

2021-10-30 17:37:15 - [TEST_STEP][PASSED] - navigateToUrl(url): Navigate to 'https://brick-qa-assignment.herokuapp.com/' successfully

2021-10-30 17:37:19 - [MESSAGE][PASSED] - Navigate to 'https://brick-qa-assignment.herokuapp.com/' successfully

2021-10-30 17:37:19 - [TEST_STEP][PASSED] - click(findTestObject("Sign Up Page - Brick/loginLink")): Object: 'Object Repository/Sign Up Page - Brick/loginLink' is clicked on

2021-10-30 17:37:20 - [MESSAGE][PASSED] - Object: 'Object Repository/Sign Up Page - Brick/loginLink' is clicked on

2021-10-30 17:37:20 - [TEST_STEP][PASSED] - setText(findTestObject("Login Page - Brick/emailField"), map.get("email")): Text 'testingautoyo@mymail.com' is set on object 'Object Repository/Login Page - Brick/emailField'

2021-10-30 17:37:20 - [MESSAGE][PASSED] - Text 'testingautoyo@mymail.com' is set on object 'Object Repository/Login Page - Brick/emailField'

2021-10-30 17:37:20 - [TEST_STEP][PASSED] - setEncryptedText(findTestObject("Login Page - Brick/passField"), "p4y+y39Ir5MSxNs1t5lTZQ=="): Text ****** has been set on object 'Object Repository/Login Page - Brick/passField'

2021-10-30 17:37:21 - [MESSAGE][PASSED] - Text ****** has been set on object 'Object Repository/Login Page - Brick/passField'

2021-10-30 17:37:21 - [TEST_STEP][PASSED] - click(findTestObject("Login Page - Brick/loginBtn")): Object: 'Object Repository/Login Page - Brick/loginBtn' is clicked on

2021-10-30 17:37:22 - [MESSAGE][PASSED] - Object: 'Object Repository/Login Page - Brick/loginBtn' is clicked on

2021-10-30 17:37:22 - [TEST_STEP][PASSED] - verifyEqual(getText(findTestObject("Login Page - Brick/errorSuccessMsg")), "Error", CONTINUE_ON_FAILURE): Actual object 'Error' and expected object 'Error' are equal

2021-10-30 17:37:22 - [MESSAGE][PASSED] - Text of object 'Object Repository/Login Page - Brick/errorSuccessMsg' is: 'Error'

2021-10-30 17:37:22 - [MESSAGE][PASSED] - Actual object 'Error' and expected object 'Error' are equal

2021-10-30 17:37:22 - [TEST_STEP][PASSED] - verifyElementVisible(findTestObject("Login Page - Brick/wrongNotice"), CONTINUE_ON_FAILURE): Object 'Object Repository/Login Page - Brick/wrongNotice' is visible

2021-10-30 17:37:23 - [MESSAGE][PASSED] - Object 'Object Repository/Login Page - Brick/wrongNotice' is visible

2021-10-30 17:37:23 - [TEST_STEP][PASSED] - click(findTestObject("Login Page - Brick/okBtn")): Object: 'Object Repository/Login Page - Brick/okBtn' is clicked on

2021-10-30 17:37:23 - [MESSAGE][PASSED] - Object: 'Object Repository/Login Page - Brick/okBtn' is clicked on]]></system-out>
         <system-err><![CDATA[]]></system-err>
      </testcase>
      <testcase name="Test Cases/Login Brick - Success" time="14.135" classname="Test Cases/Login Brick - Success" status="PASSED">
         <system-out><![CDATA[2021-10-30 17:37:23 - [TEST_CASE][PASSED] - Test Cases/Login Brick - Success: Test Cases/Login Brick - Success

2021-10-30 17:37:24 - [TEST_STEP][PASSED] - openBrowser(""): Browser is opened with url: ''

2021-10-30 17:37:24 - [MESSAGE][WARNING] - A browser is already opened. Closing browser and opening a new one

2021-10-30 17:37:24 - [MESSAGE][INFO] - Starting 'Chrome' driver

2021-10-30 17:37:24 - [MESSAGE][INFO] - Action delay is set to 0 milliseconds

2021-10-30 17:37:26 - [MESSAGE][PASSED] - Browser is opened with url: ''

2021-10-30 17:37:26 - [TEST_STEP][PASSED] - navigateToUrl(url): Navigate to 'https://brick-qa-assignment.herokuapp.com/' successfully

2021-10-30 17:37:29 - [MESSAGE][PASSED] - Navigate to 'https://brick-qa-assignment.herokuapp.com/' successfully

2021-10-30 17:37:29 - [TEST_STEP][PASSED] - click(findTestObject("Sign Up Page - Brick/loginLink")): Object: 'Object Repository/Sign Up Page - Brick/loginLink' is clicked on

2021-10-30 17:37:30 - [MESSAGE][PASSED] - Object: 'Object Repository/Sign Up Page - Brick/loginLink' is clicked on

2021-10-30 17:37:30 - [TEST_STEP][PASSED] - setText(findTestObject("Login Page - Brick/emailField"), map.get("email")): Text 'testingautoyo@mymail.com' is set on object 'Object Repository/Login Page - Brick/emailField'

2021-10-30 17:37:30 - [MESSAGE][PASSED] - Text 'testingautoyo@mymail.com' is set on object 'Object Repository/Login Page - Brick/emailField'

2021-10-30 17:37:30 - [TEST_STEP][PASSED] - setEncryptedText(findTestObject("Login Page - Brick/passField"), map.get("password")): Text ****** has been set on object 'Object Repository/Login Page - Brick/passField'

2021-10-30 17:37:31 - [MESSAGE][PASSED] - Text ****** has been set on object 'Object Repository/Login Page - Brick/passField'

2021-10-30 17:37:31 - [TEST_STEP][PASSED] - click(findTestObject("Login Page - Brick/loginBtn")): Object: 'Object Repository/Login Page - Brick/loginBtn' is clicked on

2021-10-30 17:37:34 - [MESSAGE][PASSED] - Object: 'Object Repository/Login Page - Brick/loginBtn' is clicked on

2021-10-30 17:37:34 - [TEST_STEP][PASSED] - verifyEqual(getText(findTestObject("Login Page - Brick/errorSuccessMsg")), "Success", CONTINUE_ON_FAILURE): Actual object 'Success' and expected object 'Success' are equal

2021-10-30 17:37:34 - [MESSAGE][PASSED] - Text of object 'Object Repository/Login Page - Brick/errorSuccessMsg' is: 'Success'

2021-10-30 17:37:34 - [MESSAGE][PASSED] - Actual object 'Success' and expected object 'Success' are equal

2021-10-30 17:37:34 - [TEST_STEP][PASSED] - verifyElementVisible(findTestObject("Login Page - Brick/wrongNotice"), CONTINUE_ON_FAILURE): Object 'Object Repository/Login Page - Brick/wrongNotice' is visible

2021-10-30 17:37:35 - [MESSAGE][PASSED] - Object 'Object Repository/Login Page - Brick/wrongNotice' is visible

2021-10-30 17:37:35 - [TEST_STEP][PASSED] - click(findTestObject("Login Page - Brick/okBtn")): Object: 'Object Repository/Login Page - Brick/okBtn' is clicked on

2021-10-30 17:37:35 - [MESSAGE][PASSED] - Object: 'Object Repository/Login Page - Brick/okBtn' is clicked on

2021-10-30 17:37:35 - [TEST_STEP][PASSED] - verifyElementVisible(findTestObject("Dashboard Page - Brick/logoutLink"), CONTINUE_ON_FAILURE): Object 'Object Repository/Dashboard Page - Brick/logoutLink' is visible

2021-10-30 17:37:36 - [MESSAGE][PASSED] - Object 'Object Repository/Dashboard Page - Brick/logoutLink' is visible

2021-10-30 17:37:36 - [TEST_STEP][PASSED] - click(findTestObject("Dashboard Page - Brick/logoutLink")): Object: 'Object Repository/Dashboard Page - Brick/logoutLink' is clicked on

2021-10-30 17:37:37 - [MESSAGE][PASSED] - Object: 'Object Repository/Dashboard Page - Brick/logoutLink' is clicked on]]></system-out>
         <system-err><![CDATA[]]></system-err>
      </testcase>
      <system-out><![CDATA[2021-10-30 17:36:25 - [TEST_SUITE][PASSED] - Authentication: Test Cases/Login Brick - Success]]></system-out>
      <system-err><![CDATA[]]></system-err>
   </testsuite>
</testsuites>
